============================= test session starts =============================
platform win32 -- Python 3.13.7, pytest-8.4.2, pluggy-1.6.0 -- C:\Python313\python.exe
cachedir: .pytest_cache
rootdir: c:\Users\mohdq\src\DataBricks-Sample1
configfile: pyproject.toml
plugins: anyio-4.11.0, Faker-40.13.0, asyncio-0.24.0, cov-5.0.0, langsmith-0.7.22
asyncio: mode=Mode.STRICT, default_loop_scope=None
collecting ... collected 77 items / 33 deselected / 44 selected

tests/test_silver_gold_handover.py::TestSilverGoldContract::test_silver_produces_all_expected_tables PASSED [  2%]
tests/test_silver_gold_handover.py::TestSilverGoldContract::test_gold_defines_expected_dims_and_facts PASSED [  4%]
tests/test_silver_gold_handover.py::TestSilverGoldContract::test_gold_uses_fully_qualified_silver_reads[gold_dim_contract] PASSED [  6%]
tests/test_silver_gold_handover.py::TestSilverGoldContract::test_gold_uses_fully_qualified_silver_reads[gold_dim_cost_center] PASSED [  9%]
tests/test_silver_gold_handover.py::TestSilverGoldContract::test_gold_uses_fully_qualified_silver_reads[gold_dim_date] PASSED [ 11%]
tests/test_silver_gold_handover.py::TestSilverGoldContract::test_gold_uses_fully_qualified_silver_reads[gold_dim_employee] PASSED [ 13%]
tests/test_silver_gold_handover.py::TestSilverGoldContract::test_gold_uses_fully_qualified_silver_reads[gold_dim_geography] PASSED [ 15%]
tests/test_silver_gold_handover.py::TestSilverGoldContract::test_gold_uses_fully_qualified_silver_reads[gold_dim_material] PASSED [ 18%]
tests/test_silver_gold_handover.py::TestSilverGoldContract::test_gold_uses_fully_qualified_silver_reads[gold_dim_project] PASSED [ 20%]
tests/test_silver_gold_handover.py::TestSilverGoldContract::test_gold_uses_fully_qualified_silver_reads[gold_dim_sector] PASSED [ 22%]
tests/test_silver_gold_handover.py::TestSilverGoldContract::test_gold_uses_fully_qualified_silver_reads[gold_dim_vendor] PASSED [ 25%]
tests/test_silver_gold_handover.py::TestSilverGoldContract::test_gold_uses_fully_qualified_silver_reads[gold_fact_contracts] PASSED [ 27%]
tests/test_silver_gold_handover.py::TestSilverGoldContract::test_gold_uses_fully_qualified_silver_reads[gold_fact_goods_receipts] PASSED [ 29%]
tests/test_silver_gold_handover.py::TestSilverGoldContract::test_gold_uses_fully_qualified_silver_reads[gold_fact_inventory] PASSED [ 31%]
tests/test_silver_gold_handover.py::TestSilverGoldContract::test_gold_uses_fully_qualified_silver_reads[gold_fact_invoices] PASSED [ 34%]
tests/test_silver_gold_handover.py::TestSilverGoldContract::test_gold_uses_fully_qualified_silver_reads[gold_fact_project_actuals] PASSED [ 36%]
tests/test_silver_gold_handover.py::TestSilverGoldContract::test_gold_uses_fully_qualified_silver_reads[gold_fact_project_costs] PASSED [ 38%]
tests/test_silver_gold_handover.py::TestSilverGoldContract::test_gold_uses_fully_qualified_silver_reads[gold_fact_purchase_orders] PASSED [ 40%]
tests/test_silver_gold_handover.py::TestSilverGoldContract::test_gold_uses_fully_qualified_silver_reads[gold_fact_sales] PASSED [ 43%]
tests/test_silver_gold_handover.py::TestSilverGoldContract::test_gold_uses_fully_qualified_silver_reads[gold_fact_vendor_performance] PASSED [ 45%]
tests/test_silver_gold_handover.py::TestSilverGoldContract::test_gold_silver_columns_exist[gold_dim_contract] PASSED [ 47%]
tests/test_silver_gold_handover.py::TestSilverGoldContract::test_gold_silver_columns_exist[gold_dim_cost_center] PASSED [ 50%]
tests/test_silver_gold_handover.py::TestSilverGoldContract::test_gold_silver_columns_exist[gold_dim_date] SKIPPED [ 52%]
tests/test_silver_gold_handover.py::TestSilverGoldContract::test_gold_silver_columns_exist[gold_dim_employee] PASSED [ 54%]
tests/test_silver_gold_handover.py::TestSilverGoldContract::test_gold_silver_columns_exist[gold_dim_geography] PASSED [ 56%]
tests/test_silver_gold_handover.py::TestSilverGoldContract::test_gold_silver_columns_exist[gold_dim_material] PASSED [ 59%]
tests/test_silver_gold_handover.py::TestSilverGoldContract::test_gold_silver_columns_exist[gold_dim_project] PASSED [ 61%]
tests/test_silver_gold_handover.py::TestSilverGoldContract::test_gold_silver_columns_exist[gold_dim_sector] PASSED [ 63%]
tests/test_silver_gold_handover.py::TestSilverGoldContract::test_gold_silver_columns_exist[gold_dim_vendor] PASSED [ 65%]
tests/test_silver_gold_handover.py::TestSilverGoldContract::test_gold_silver_columns_exist[gold_fact_contracts] PASSED [ 68%]
tests/test_silver_gold_handover.py::TestSilverGoldContract::test_gold_silver_columns_exist[gold_fact_goods_receipts] PASSED [ 70%]
tests/test_silver_gold_handover.py::TestSilverGoldContract::test_gold_silver_columns_exist[gold_fact_inventory] PASSED [ 72%]
tests/test_silver_gold_handover.py::TestSilverGoldContract::test_gold_silver_columns_exist[gold_fact_invoices] PASSED [ 75%]
tests/test_silver_gold_handover.py::TestSilverGoldContract::test_gold_silver_columns_exist[gold_fact_project_actuals] PASSED [ 77%]
tests/test_silver_gold_handover.py::TestSilverGoldContract::test_gold_silver_columns_exist[gold_fact_project_costs] PASSED [ 79%]
tests/test_silver_gold_handover.py::TestSilverGoldContract::test_gold_silver_columns_exist[gold_fact_purchase_orders] PASSED [ 81%]
tests/test_silver_gold_handover.py::TestSilverGoldContract::test_gold_silver_columns_exist[gold_fact_sales] PASSED [ 84%]
tests/test_silver_gold_handover.py::TestSilverGoldContract::test_gold_silver_columns_exist[gold_fact_vendor_performance] PASSED [ 86%]
tests/test_silver_gold_handover.py::TestSilverGoldContract::test_no_orphan_column_references PASSED [ 88%]
tests/test_silver_gold_handover.py::TestSilverGoldRuntimeHandover::test_gold_table_has_rows[dim_contract] ERROR [ 90%]
tests/test_silver_gold_handover.py::TestSilverGoldRuntimeHandover::test_gold_table_has_rows[fact_contracts] ERROR [ 93%]
tests/test_silver_gold_handover.py::TestSilverGoldRuntimeHandover::test_gold_table_has_gold_timestamp[dim_contract] ERROR [ 95%]
tests/test_silver_gold_handover.py::TestSilverGoldRuntimeHandover::test_gold_table_has_gold_timestamp[fact_contracts] ERROR [ 97%]
tests/test_silver_gold_handover.py::TestSilverMissingFailsGold::test_gold_fails_when_silver_unregistered ERROR [100%]

=================================== ERRORS ====================================
_ ERROR at setup of TestSilverGoldRuntimeHandover.test_gold_table_has_rows[dim_contract] _
file c:\Users\mohdq\src\DataBricks-Sample1\tests\test_silver_gold_handover.py, line 196
      @pytest.mark.parametrize("table", EXPECTED_GOLD_DIMS + EXPECTED_GOLD_FACTS)
      def test_gold_table_has_rows(self, gold_tables, table):
file c:\Users\mohdq\src\DataBricks-Sample1\tests\test_silver_gold_handover.py, line 172
  @pytest.fixture
  def gold_tables(spark, register_all_bronze):
E       fixture 'spark' not found
>       available fixtures: _session_event_loop, _session_faker, anyio_backend, anyio_backend_name, anyio_backend_options, cache, capfd, capfdbinary, caplog, capsys, capsysbinary, capteesys, cov, doctest_namespace, event_loop, event_loop_policy, faker, free_tcp_port, free_tcp_port_factory, free_udp_port, free_udp_port_factory, gold_tables, monkeypatch, no_cover, pytestconfig, record_property, record_testsuite_property, record_xml_attribute, recwarn, tests/test_silver_gold_handover.py::<event_loop>, tests/test_silver_gold_handover.py::TestSilverGoldRuntimeHandover::<event_loop>, tmp_path, tmp_path_factory, tmpdir, tmpdir_factory, unused_tcp_port, unused_tcp_port_factory, unused_udp_port, unused_udp_port_factory
>       use 'pytest --fixtures [testpath]' for help on them.

c:\Users\mohdq\src\DataBricks-Sample1\tests\test_silver_gold_handover.py:172
_ ERROR at setup of TestSilverGoldRuntimeHandover.test_gold_table_has_rows[fact_contracts] _
file c:\Users\mohdq\src\DataBricks-Sample1\tests\test_silver_gold_handover.py, line 196
      @pytest.mark.parametrize("table", EXPECTED_GOLD_DIMS + EXPECTED_GOLD_FACTS)
      def test_gold_table_has_rows(self, gold_tables, table):
file c:\Users\mohdq\src\DataBricks-Sample1\tests\test_silver_gold_handover.py, line 172
  @pytest.fixture
  def gold_tables(spark, register_all_bronze):
E       fixture 'spark' not found
>       available fixtures: _session_event_loop, _session_faker, anyio_backend, anyio_backend_name, anyio_backend_options, cache, capfd, capfdbinary, caplog, capsys, capsysbinary, capteesys, cov, doctest_namespace, event_loop, event_loop_policy, faker, free_tcp_port, free_tcp_port_factory, free_udp_port, free_udp_port_factory, gold_tables, monkeypatch, no_cover, pytestconfig, record_property, record_testsuite_property, record_xml_attribute, recwarn, tests/test_silver_gold_handover.py::<event_loop>, tests/test_silver_gold_handover.py::TestSilverGoldRuntimeHandover::<event_loop>, tmp_path, tmp_path_factory, tmpdir, tmpdir_factory, unused_tcp_port, unused_tcp_port_factory, unused_udp_port, unused_udp_port_factory
>       use 'pytest --fixtures [testpath]' for help on them.

c:\Users\mohdq\src\DataBricks-Sample1\tests\test_silver_gold_handover.py:172
_ ERROR at setup of TestSilverGoldRuntimeHandover.test_gold_table_has_gold_timestamp[dim_contract] _
file c:\Users\mohdq\src\DataBricks-Sample1\tests\test_silver_gold_handover.py, line 201
      @pytest.mark.parametrize("table", EXPECTED_GOLD_DIMS + EXPECTED_GOLD_FACTS)
      def test_gold_table_has_gold_timestamp(self, gold_tables, table):
file c:\Users\mohdq\src\DataBricks-Sample1\tests\test_silver_gold_handover.py, line 172
  @pytest.fixture
  def gold_tables(spark, register_all_bronze):
E       fixture 'spark' not found
>       available fixtures: _session_event_loop, _session_faker, anyio_backend, anyio_backend_name, anyio_backend_options, cache, capfd, capfdbinary, caplog, capsys, capsysbinary, capteesys, cov, doctest_namespace, event_loop, event_loop_policy, faker, free_tcp_port, free_tcp_port_factory, free_udp_port, free_udp_port_factory, gold_tables, monkeypatch, no_cover, pytestconfig, record_property, record_testsuite_property, record_xml_attribute, recwarn, tests/test_silver_gold_handover.py::<event_loop>, tests/test_silver_gold_handover.py::TestSilverGoldRuntimeHandover::<event_loop>, tmp_path, tmp_path_factory, tmpdir, tmpdir_factory, unused_tcp_port, unused_tcp_port_factory, unused_udp_port, unused_udp_port_factory
>       use 'pytest --fixtures [testpath]' for help on them.

c:\Users\mohdq\src\DataBricks-Sample1\tests\test_silver_gold_handover.py:172
_ ERROR at setup of TestSilverGoldRuntimeHandover.test_gold_table_has_gold_timestamp[fact_contracts] _
file c:\Users\mohdq\src\DataBricks-Sample1\tests\test_silver_gold_handover.py, line 201
      @pytest.mark.parametrize("table", EXPECTED_GOLD_DIMS + EXPECTED_GOLD_FACTS)
      def test_gold_table_has_gold_timestamp(self, gold_tables, table):
file c:\Users\mohdq\src\DataBricks-Sample1\tests\test_silver_gold_handover.py, line 172
  @pytest.fixture
  def gold_tables(spark, register_all_bronze):
E       fixture 'spark' not found
>       available fixtures: _session_event_loop, _session_faker, anyio_backend, anyio_backend_name, anyio_backend_options, cache, capfd, capfdbinary, caplog, capsys, capsysbinary, capteesys, cov, doctest_namespace, event_loop, event_loop_policy, faker, free_tcp_port, free_tcp_port_factory, free_udp_port, free_udp_port_factory, gold_tables, monkeypatch, no_cover, pytestconfig, record_property, record_testsuite_property, record_xml_attribute, recwarn, tests/test_silver_gold_handover.py::<event_loop>, tests/test_silver_gold_handover.py::TestSilverGoldRuntimeHandover::<event_loop>, tmp_path, tmp_path_factory, tmpdir, tmpdir_factory, unused_tcp_port, unused_tcp_port_factory, unused_udp_port, unused_udp_port_factory
>       use 'pytest --fixtures [testpath]' for help on them.

c:\Users\mohdq\src\DataBricks-Sample1\tests\test_silver_gold_handover.py:172
_ ERROR at setup of TestSilverMissingFailsGold.test_gold_fails_when_silver_unregistered _
file c:\Users\mohdq\src\DataBricks-Sample1\tests\test_silver_gold_handover.py, line 211
      def test_gold_fails_when_silver_unregistered(self, spark):
E       fixture 'spark' not found
>       available fixtures: _session_event_loop, _session_faker, anyio_backend, anyio_backend_name, anyio_backend_options, cache, capfd, capfdbinary, caplog, capsys, capsysbinary, capteesys, cov, doctest_namespace, event_loop, event_loop_policy, faker, free_tcp_port, free_tcp_port_factory, free_udp_port, free_udp_port_factory, gold_tables, monkeypatch, no_cover, pytestconfig, record_property, record_testsuite_property, record_xml_attribute, recwarn, tests/test_silver_gold_handover.py::<event_loop>, tests/test_silver_gold_handover.py::TestSilverMissingFailsGold::<event_loop>, tmp_path, tmp_path_factory, tmpdir, tmpdir_factory, unused_tcp_port, unused_tcp_port_factory, unused_udp_port, unused_udp_port_factory
>       use 'pytest --fixtures [testpath]' for help on them.

c:\Users\mohdq\src\DataBricks-Sample1\tests\test_silver_gold_handover.py:211
=========================== short test summary info ===========================
ERROR tests/test_silver_gold_handover.py::TestSilverGoldRuntimeHandover::test_gold_table_has_rows[dim_contract]
ERROR tests/test_silver_gold_handover.py::TestSilverGoldRuntimeHandover::test_gold_table_has_rows[fact_contracts]
ERROR tests/test_silver_gold_handover.py::TestSilverGoldRuntimeHandover::test_gold_table_has_gold_timestamp[dim_contract]
ERROR tests/test_silver_gold_handover.py::TestSilverGoldRuntimeHandover::test_gold_table_has_gold_timestamp[fact_contracts]
ERROR tests/test_silver_gold_handover.py::TestSilverMissingFailsGold::test_gold_fails_when_silver_unregistered
=========== 38 passed, 1 skipped, 33 deselected, 5 errors in 1.15s ============
