============================= test session starts =============================
platform win32 -- Python 3.13.7, pytest-9.0.3, pluggy-1.6.0
rootdir: c:\Users\mohdq\src\DataBricks-Sample1
configfile: pyproject.toml
collected 471 items

tests\test_bronze_pipeline.py EEEEEEEE                                   [  1%]
tests\test_bronze_silver_handover.py .....................EEEEEEEEEEEEEE [  9%]
EEEEE                                                                    [ 10%]
tests\test_e2e_pipeline.py EEEEEEEEEEEEEEEEEEEEEEEEEEEE                  [ 16%]
tests\test_gold_pipeline.py EEEEEEEEEEEEEEEEEEEEEEEEEEEEEEEEE....        [ 23%]
tests\test_pipeline_integrity.py ...........................             [ 29%]
tests\test_powerbi.py ..............................                     [ 36%]
tests\test_semantic_cubes.py ........................................... [ 45%]
........................................................................ [ 60%]
.....................................                                    [ 68%]
tests\test_silver_gold_handover.py ......................s.............. [ 76%]
..EEEEEEEEEEEEEEEEEEEEEEEEEEEEEEEEEEEEEE                                 [ 84%]
tests\test_silver_pipeline.py EEEEEEEEEEEEEEEEEEEEEEEEEEEEEEEEEEEEEEEEEE [ 93%]
EEEEEEEEEEEEEEEEEEEEEEEEEEEEEE                                           [100%]

=================================== ERRORS ====================================
_ ERROR at setup of TestBronzeFactory.test_factory_registers_table_via_dlt_mock _
file C:\Users\mohdq\src\DataBricks-Sample1\tests\test_bronze_pipeline.py, line 19
      def test_factory_registers_table_via_dlt_mock(self, spark):
E       fixture 'spark' not found
>       available fixtures: cache, capfd, capfdbinary, caplog, capsys, capsysbinary, capteesys, doctest_namespace, monkeypatch, pytestconfig, record_property, record_testsuite_property, record_xml_attribute, recwarn, subtests, tmp_path, tmp_path_factory, tmpdir, tmpdir_factory
>       use 'pytest --fixtures [testpath]' for help on them.

C:\Users\mohdq\src\DataBricks-Sample1\tests\test_bronze_pipeline.py:19
___ ERROR at setup of TestBronzeFactory.test_factory_creates_all_15_tables ____
file C:\Users\mohdq\src\DataBricks-Sample1\tests\test_bronze_pipeline.py, line 39
      def test_factory_creates_all_15_tables(self, spark):
E       fixture 'spark' not found
>       available fixtures: cache, capfd, capfdbinary, caplog, capsys, capsysbinary, capteesys, doctest_namespace, monkeypatch, pytestconfig, record_property, record_testsuite_property, record_xml_attribute, recwarn, subtests, tmp_path, tmp_path_factory, tmpdir, tmpdir_factory
>       use 'pytest --fixtures [testpath]' for help on them.

C:\Users\mohdq\src\DataBricks-Sample1\tests\test_bronze_pipeline.py:39
_ ERROR at setup of TestBronzeFactory.test_bronze_table_has_metadata_columns __
file C:\Users\mohdq\src\DataBricks-Sample1\tests\test_bronze_pipeline.py, line 69
      def test_bronze_table_has_metadata_columns(self, spark):
E       fixture 'spark' not found
>       available fixtures: cache, capfd, capfdbinary, caplog, capsys, capsysbinary, capteesys, doctest_namespace, monkeypatch, pytestconfig, record_property, record_testsuite_property, record_xml_attribute, recwarn, subtests, tmp_path, tmp_path_factory, tmpdir, tmpdir_factory
>       use 'pytest --fixtures [testpath]' for help on them.

C:\Users\mohdq\src\DataBricks-Sample1\tests\test_bronze_pipeline.py:69
______ ERROR at setup of TestBronzeAudit.test_audit_records_table_counts ______
file C:\Users\mohdq\src\DataBricks-Sample1\tests\test_bronze_pipeline.py, line 91
      def test_audit_records_table_counts(self, spark, register_all_bronze):
E       fixture 'spark' not found
>       available fixtures: cache, capfd, capfdbinary, caplog, capsys, capsysbinary, capteesys, doctest_namespace, monkeypatch, pytestconfig, record_property, record_testsuite_property, record_xml_attribute, recwarn, subtests, tmp_path, tmp_path_factory, tmpdir, tmpdir_factory
>       use 'pytest --fixtures [testpath]' for help on them.

C:\Users\mohdq\src\DataBricks-Sample1\tests\test_bronze_pipeline.py:91
__ ERROR at setup of TestBronzeDataQuality.test_each_bronze_table_has_3_rows __
file C:\Users\mohdq\src\DataBricks-Sample1\tests\test_bronze_pipeline.py, line 126
      def test_each_bronze_table_has_3_rows(self, bronze_data):
E       fixture 'bronze_data' not found
>       available fixtures: cache, capfd, capfdbinary, caplog, capsys, capsysbinary, capteesys, doctest_namespace, monkeypatch, pytestconfig, record_property, record_testsuite_property, record_xml_attribute, recwarn, subtests, tmp_path, tmp_path_factory, tmpdir, tmpdir_factory
>       use 'pytest --fixtures [testpath]' for help on them.

C:\Users\mohdq\src\DataBricks-Sample1\tests\test_bronze_pipeline.py:126
__ ERROR at setup of TestBronzeDataQuality.test_bronze_tables_have_metadata ___
file C:\Users\mohdq\src\DataBricks-Sample1\tests\test_bronze_pipeline.py, line 131
      def test_bronze_tables_have_metadata(self, bronze_data):
E       fixture 'bronze_data' not found
>       available fixtures: cache, capfd, capfdbinary, caplog, capsys, capsysbinary, capteesys, doctest_namespace, monkeypatch, pytestconfig, record_property, record_testsuite_property, record_xml_attribute, recwarn, subtests, tmp_path, tmp_path_factory, tmpdir, tmpdir_factory
>       use 'pytest --fixtures [testpath]' for help on them.

C:\Users\mohdq\src\DataBricks-Sample1\tests\test_bronze_pipeline.py:131
_____ ERROR at setup of TestBronzeDataQuality.test_bronze_vendors_schema ______
file C:\Users\mohdq\src\DataBricks-Sample1\tests\test_bronze_pipeline.py, line 137
      def test_bronze_vendors_schema(self, bronze_data):
E       fixture 'bronze_data' not found
>       available fixtures: cache, capfd, capfdbinary, caplog, capsys, capsysbinary, capteesys, doctest_namespace, monkeypatch, pytestconfig, record_property, record_testsuite_property, record_xml_attribute, recwarn, subtests, tmp_path, tmp_path_factory, tmpdir, tmpdir_factory
>       use 'pytest --fixtures [testpath]' for help on them.

C:\Users\mohdq\src\DataBricks-Sample1\tests\test_bronze_pipeline.py:137
____ ERROR at setup of TestBronzeDataQuality.test_bronze_has_null_pk_rows _____
file C:\Users\mohdq\src\DataBricks-Sample1\tests\test_bronze_pipeline.py, line 143
      def test_bronze_has_null_pk_rows(self, bronze_data):
E       fixture 'bronze_data' not found
>       available fixtures: cache, capfd, capfdbinary, caplog, capsys, capsysbinary, capteesys, doctest_namespace, monkeypatch, pytestconfig, record_property, record_testsuite_property, record_xml_attribute, recwarn, subtests, tmp_path, tmp_path_factory, tmpdir, tmpdir_factory
>       use 'pytest --fixtures [testpath]' for help on them.

C:\Users\mohdq\src\DataBricks-Sample1\tests\test_bronze_pipeline.py:143
_ ERROR at setup of TestBronzeSilverRuntimeHandover.test_all_15_silver_tables_materialised _
file C:\Users\mohdq\src\DataBricks-Sample1\tests\test_bronze_silver_handover.py, line 123
      def test_all_15_silver_tables_materialised(self, silver_tables):
file C:\Users\mohdq\src\DataBricks-Sample1\tests\test_bronze_silver_handover.py, line 118
      @pytest.fixture
      def silver_tables(self, spark, register_all_bronze):
E       fixture 'spark' not found
>       available fixtures: cache, capfd, capfdbinary, caplog, capsys, capsysbinary, capteesys, doctest_namespace, monkeypatch, pytestconfig, record_property, record_testsuite_property, record_xml_attribute, recwarn, silver_tables, subtests, tmp_path, tmp_path_factory, tmpdir, tmpdir_factory
>       use 'pytest --fixtures [testpath]' for help on them.

C:\Users\mohdq\src\DataBricks-Sample1\tests\test_bronze_silver_handover.py:118
_ ERROR at setup of TestBronzeSilverRuntimeHandover.test_each_silver_table_non_empty[vendors] _
file C:\Users\mohdq\src\DataBricks-Sample1\tests\test_bronze_silver_handover.py, line 129
      @pytest.mark.parametrize("tbl", EXPECTED_TABLES)
      def test_each_silver_table_non_empty(self, silver_tables, tbl):
file C:\Users\mohdq\src\DataBricks-Sample1\tests\test_bronze_silver_handover.py, line 118
      @pytest.fixture
      def silver_tables(self, spark, register_all_bronze):
E       fixture 'spark' not found
>       available fixtures: cache, capfd, capfdbinary, caplog, capsys, capsysbinary, capteesys, doctest_namespace, monkeypatch, pytestconfig, record_property, record_testsuite_property, record_xml_attribute, recwarn, silver_tables, subtests, tmp_path, tmp_path_factory, tmpdir, tmpdir_factory
>       use 'pytest --fixtures [testpath]' for help on them.

C:\Users\mohdq\src\DataBricks-Sample1\tests\test_bronze_silver_handover.py:118
_ ERROR at setup of TestBronzeSilverRuntimeHandover.test_each_silver_table_non_empty[projects] _
file C:\Users\mohdq\src\DataBricks-Sample1\tests\test_bronze_silver_handover.py, line 129
      @pytest.mark.parametrize("tbl", EXPECTED_TABLES)
      def test_each_silver_table_non_empty(self, silver_tables, tbl):
file C:\Users\mohdq\src\DataBricks-Sample1\tests\test_bronze_silver_handover.py, line 118
      @pytest.fixture
      def silver_tables(self, spark, register_all_bronze):
E       fixture 'spark' not found
>       available fixtures: cache, capfd, capfdbinary, caplog, capsys, capsysbinary, capteesys, doctest_namespace, monkeypatch, pytestconfig, record_property, record_testsuite_property, record_xml_attribute, recwarn, silver_tables, subtests, tmp_path, tmp_path_factory, tmpdir, tmpdir_factory
>       use 'pytest --fixtures [testpath]' for help on them.

C:\Users\mohdq\src\DataBricks-Sample1\tests\test_bronze_silver_handover.py:118
_ ERROR at setup of TestBronzeSilverRuntimeHandover.test_each_silver_table_non_empty[materials] _
file C:\Users\mohdq\src\DataBricks-Sample1\tests\test_bronze_silver_handover.py, line 129
      @pytest.mark.parametrize("tbl", EXPECTED_TABLES)
      def test_each_silver_table_non_empty(self, silver_tables, tbl):
file C:\Users\mohdq\src\DataBricks-Sample1\tests\test_bronze_silver_handover.py, line 118
      @pytest.fixture
      def silver_tables(self, spark, register_all_bronze):
E       fixture 'spark' not found
>       available fixtures: cache, capfd, capfdbinary, caplog, capsys, capsysbinary, capteesys, doctest_namespace, monkeypatch, pytestconfig, record_property, record_testsuite_property, record_xml_attribute, recwarn, silver_tables, subtests, tmp_path, tmp_path_factory, tmpdir, tmpdir_factory
>       use 'pytest --fixtures [testpath]' for help on them.

C:\Users\mohdq\src\DataBricks-Sample1\tests\test_bronze_silver_handover.py:118
_ ERROR at setup of TestBronzeSilverRuntimeHandover.test_each_silver_table_non_empty[employees] _
file C:\Users\mohdq\src\DataBricks-Sample1\tests\test_bronze_silver_handover.py, line 129
      @pytest.mark.parametrize("tbl", EXPECTED_TABLES)
      def test_each_silver_table_non_empty(self, silver_tables, tbl):
file C:\Users\mohdq\src\DataBricks-Sample1\tests\test_bronze_silver_handover.py, line 118
      @pytest.fixture
      def silver_tables(self, spark, register_all_bronze):
E       fixture 'spark' not found
>       available fixtures: cache, capfd, capfdbinary, caplog, capsys, capsysbinary, capteesys, doctest_namespace, monkeypatch, pytestconfig, record_property, record_testsuite_property, record_xml_attribute, recwarn, silver_tables, subtests, tmp_path, tmp_path_factory, tmpdir, tmpdir_factory
>       use 'pytest --fixtures [testpath]' for help on them.

C:\Users\mohdq\src\DataBricks-Sample1\tests\test_bronze_silver_handover.py:118
_ ERROR at setup of TestBronzeSilverRuntimeHandover.test_each_silver_table_non_empty[purchase_orders] _
file C:\Users\mohdq\src\DataBricks-Sample1\tests\test_bronze_silver_handover.py, line 129
      @pytest.mark.parametrize("tbl", EXPECTED_TABLES)
      def test_each_silver_table_non_empty(self, silver_tables, tbl):
file C:\Users\mohdq\src\DataBricks-Sample1\tests\test_bronze_silver_handover.py, line 118
      @pytest.fixture
      def silver_tables(self, spark, register_all_bronze):
E       fixture 'spark' not found
>       available fixtures: cache, capfd, capfdbinary, caplog, capsys, capsysbinary, capteesys, doctest_namespace, monkeypatch, pytestconfig, record_property, record_testsuite_property, record_xml_attribute, recwarn, silver_tables, subtests, tmp_path, tmp_path_factory, tmpdir, tmpdir_factory
>       use 'pytest --fixtures [testpath]' for help on them.

C:\Users\mohdq\src\DataBricks-Sample1\tests\test_bronze_silver_handover.py:118
_ ERROR at setup of TestBronzeSilverRuntimeHandover.test_each_silver_table_non_empty[po_line_items] _
file C:\Users\mohdq\src\DataBricks-Sample1\tests\test_bronze_silver_handover.py, line 129
      @pytest.mark.parametrize("tbl", EXPECTED_TABLES)
      def test_each_silver_table_non_empty(self, silver_tables, tbl):
file C:\Users\mohdq\src\DataBricks-Sample1\tests\test_bronze_silver_handover.py, line 118
      @pytest.fixture
      def silver_tables(self, spark, register_all_bronze):
E       fixture 'spark' not found
>       available fixtures: cache, capfd, capfdbinary, caplog, capsys, capsysbinary, capteesys, doctest_namespace, monkeypatch, pytestconfig, record_property, record_testsuite_property, record_xml_attribute, recwarn, silver_tables, subtests, tmp_path, tmp_path_factory, tmpdir, tmpdir_factory
>       use 'pytest --fixtures [testpath]' for help on them.

C:\Users\mohdq\src\DataBricks-Sample1\tests\test_bronze_silver_handover.py:118
_ ERROR at setup of TestBronzeSilverRuntimeHandover.test_each_silver_table_non_empty[contracts] _
file C:\Users\mohdq\src\DataBricks-Sample1\tests\test_bronze_silver_handover.py, line 129
      @pytest.mark.parametrize("tbl", EXPECTED_TABLES)
      def test_each_silver_table_non_empty(self, silver_tables, tbl):
file C:\Users\mohdq\src\DataBricks-Sample1\tests\test_bronze_silver_handover.py, line 118
      @pytest.fixture
      def silver_tables(self, spark, register_all_bronze):
E       fixture 'spark' not found
>       available fixtures: cache, capfd, capfdbinary, caplog, capsys, capsysbinary, capteesys, doctest_namespace, monkeypatch, pytestconfig, record_property, record_testsuite_property, record_xml_attribute, recwarn, silver_tables, subtests, tmp_path, tmp_path_factory, tmpdir, tmpdir_factory
>       use 'pytest --fixtures [testpath]' for help on them.

C:\Users\mohdq\src\DataBricks-Sample1\tests\test_bronze_silver_handover.py:118
_ ERROR at setup of TestBronzeSilverRuntimeHandover.test_each_silver_table_non_empty[contract_items] _
file C:\Users\mohdq\src\DataBricks-Sample1\tests\test_bronze_silver_handover.py, line 129
      @pytest.mark.parametrize("tbl", EXPECTED_TABLES)
      def test_each_silver_table_non_empty(self, silver_tables, tbl):
file C:\Users\mohdq\src\DataBricks-Sample1\tests\test_bronze_silver_handover.py, line 118
      @pytest.fixture
      def silver_tables(self, spark, register_all_bronze):
E       fixture 'spark' not found
>       available fixtures: cache, capfd, capfdbinary, caplog, capsys, capsysbinary, capteesys, doctest_namespace, monkeypatch, pytestconfig, record_property, record_testsuite_property, record_xml_attribute, recwarn, silver_tables, subtests, tmp_path, tmp_path_factory, tmpdir, tmpdir_factory
>       use 'pytest --fixtures [testpath]' for help on them.

C:\Users\mohdq\src\DataBricks-Sample1\tests\test_bronze_silver_handover.py:118
_ ERROR at setup of TestBronzeSilverRuntimeHandover.test_each_silver_table_non_empty[invoices] _
file C:\Users\mohdq\src\DataBricks-Sample1\tests\test_bronze_silver_handover.py, line 129
      @pytest.mark.parametrize("tbl", EXPECTED_TABLES)
      def test_each_silver_table_non_empty(self, silver_tables, tbl):
file C:\Users\mohdq\src\DataBricks-Sample1\tests\test_bronze_silver_handover.py, line 118
      @pytest.fixture
      def silver_tables(self, spark, register_all_bronze):
E       fixture 'spark' not found
>       available fixtures: cache, capfd, capfdbinary, caplog, capsys, capsysbinary, capteesys, doctest_namespace, monkeypatch, pytestconfig, record_property, record_testsuite_property, record_xml_attribute, recwarn, silver_tables, subtests, tmp_path, tmp_path_factory, tmpdir, tmpdir_factory
>       use 'pytest --fixtures [testpath]' for help on them.

C:\Users\mohdq\src\DataBricks-Sample1\tests\test_bronze_silver_handover.py:118
_ ERROR at setup of TestBronzeSilverRuntimeHandover.test_each_silver_table_non_empty[goods_receipts] _
file C:\Users\mohdq\src\DataBricks-Sample1\tests\test_bronze_silver_handover.py, line 129
      @pytest.mark.parametrize("tbl", EXPECTED_TABLES)
      def test_each_silver_table_non_empty(self, silver_tables, tbl):
file C:\Users\mohdq\src\DataBricks-Sample1\tests\test_bronze_silver_handover.py, line 118
      @pytest.fixture
      def silver_tables(self, spark, register_all_bronze):
E       fixture 'spark' not found
>       available fixtures: cache, capfd, capfdbinary, caplog, capsys, capsysbinary, capteesys, doctest_namespace, monkeypatch, pytestconfig, record_property, record_testsuite_property, record_xml_attribute, recwarn, silver_tables, subtests, tmp_path, tmp_path_factory, tmpdir, tmpdir_factory
>       use 'pytest --fixtures [testpath]' for help on them.

C:\Users\mohdq\src\DataBricks-Sample1\tests\test_bronze_silver_handover.py:118
_ ERROR at setup of TestBronzeSilverRuntimeHandover.test_each_silver_table_non_empty[project_budgets] _
file C:\Users\mohdq\src\DataBricks-Sample1\tests\test_bronze_silver_handover.py, line 129
      @pytest.mark.parametrize("tbl", EXPECTED_TABLES)
      def test_each_silver_table_non_empty(self, silver_tables, tbl):
file C:\Users\mohdq\src\DataBricks-Sample1\tests\test_bronze_silver_handover.py, line 118
      @pytest.fixture
      def silver_tables(self, spark, register_all_bronze):
E       fixture 'spark' not found
>       available fixtures: cache, capfd, capfdbinary, caplog, capsys, capsysbinary, capteesys, doctest_namespace, monkeypatch, pytestconfig, record_property, record_testsuite_property, record_xml_attribute, recwarn, silver_tables, subtests, tmp_path, tmp_path_factory, tmpdir, tmpdir_factory
>       use 'pytest --fixtures [testpath]' for help on them.

C:\Users\mohdq\src\DataBricks-Sample1\tests\test_bronze_silver_handover.py:118
_ ERROR at setup of TestBronzeSilverRuntimeHandover.test_each_silver_table_non_empty[project_actuals] _
file C:\Users\mohdq\src\DataBricks-Sample1\tests\test_bronze_silver_handover.py, line 129
      @pytest.mark.parametrize("tbl", EXPECTED_TABLES)
      def test_each_silver_table_non_empty(self, silver_tables, tbl):
file C:\Users\mohdq\src\DataBricks-Sample1\tests\test_bronze_silver_handover.py, line 118
      @pytest.fixture
      def silver_tables(self, spark, register_all_bronze):
E       fixture 'spark' not found
>       available fixtures: cache, capfd, capfdbinary, caplog, capsys, capsysbinary, capteesys, doctest_namespace, monkeypatch, pytestconfig, record_property, record_testsuite_property, record_xml_attribute, recwarn, silver_tables, subtests, tmp_path, tmp_path_factory, tmpdir, tmpdir_factory
>       use 'pytest --fixtures [testpath]' for help on them.

C:\Users\mohdq\src\DataBricks-Sample1\tests\test_bronze_silver_handover.py:118
_ ERROR at setup of TestBronzeSilverRuntimeHandover.test_each_silver_table_non_empty[sales_orders] _
file C:\Users\mohdq\src\DataBricks-Sample1\tests\test_bronze_silver_handover.py, line 129
      @pytest.mark.parametrize("tbl", EXPECTED_TABLES)
      def test_each_silver_table_non_empty(self, silver_tables, tbl):
file C:\Users\mohdq\src\DataBricks-Sample1\tests\test_bronze_silver_handover.py, line 118
      @pytest.fixture
      def silver_tables(self, spark, register_all_bronze):
E       fixture 'spark' not found
>       available fixtures: cache, capfd, capfdbinary, caplog, capsys, capsysbinary, capteesys, doctest_namespace, monkeypatch, pytestconfig, record_property, record_testsuite_property, record_xml_attribute, recwarn, silver_tables, subtests, tmp_path, tmp_path_factory, tmpdir, tmpdir_factory
>       use 'pytest --fixtures [testpath]' for help on them.

C:\Users\mohdq\src\DataBricks-Sample1\tests\test_bronze_silver_handover.py:118
_ ERROR at setup of TestBronzeSilverRuntimeHandover.test_each_silver_table_non_empty[inventory] _
file C:\Users\mohdq\src\DataBricks-Sample1\tests\test_bronze_silver_handover.py, line 129
      @pytest.mark.parametrize("tbl", EXPECTED_TABLES)
      def test_each_silver_table_non_empty(self, silver_tables, tbl):
file C:\Users\mohdq\src\DataBricks-Sample1\tests\test_bronze_silver_handover.py, line 118
      @pytest.fixture
      def silver_tables(self, spark, register_all_bronze):
E       fixture 'spark' not found
>       available fixtures: cache, capfd, capfdbinary, caplog, capsys, capsysbinary, capteesys, doctest_namespace, monkeypatch, pytestconfig, record_property, record_testsuite_property, record_xml_attribute, recwarn, silver_tables, subtests, tmp_path, tmp_path_factory, tmpdir, tmpdir_factory
>       use 'pytest --fixtures [testpath]' for help on them.

C:\Users\mohdq\src\DataBricks-Sample1\tests\test_bronze_silver_handover.py:118
_ ERROR at setup of TestBronzeSilverRuntimeHandover.test_each_silver_table_non_empty[vendor_performance] _
file C:\Users\mohdq\src\DataBricks-Sample1\tests\test_bronze_silver_handover.py, line 129
      @pytest.mark.parametrize("tbl", EXPECTED_TABLES)
      def test_each_silver_table_non_empty(self, silver_tables, tbl):
file C:\Users\mohdq\src\DataBricks-Sample1\tests\test_bronze_silver_handover.py, line 118
      @pytest.fixture
      def silver_tables(self, spark, register_all_bronze):
E       fixture 'spark' not found
>       available fixtures: cache, capfd, capfdbinary, caplog, capsys, capsysbinary, capteesys, doctest_namespace, monkeypatch, pytestconfig, record_property, record_testsuite_property, record_xml_attribute, recwarn, silver_tables, subtests, tmp_path, tmp_path_factory, tmpdir, tmpdir_factory
>       use 'pytest --fixtures [testpath]' for help on them.

C:\Users\mohdq\src\DataBricks-Sample1\tests\test_bronze_silver_handover.py:118
_ ERROR at setup of TestBronzeSilverRuntimeHandover.test_silver_columns_superset_of_bronze_columns _
file C:\Users\mohdq\src\DataBricks-Sample1\tests\test_bronze_silver_handover.py, line 134
      def test_silver_columns_superset_of_bronze_columns(self, silver_tables, bronze_data):
file C:\Users\mohdq\src\DataBricks-Sample1\tests\test_bronze_silver_handover.py, line 118
      @pytest.fixture
      def silver_tables(self, spark, register_all_bronze):
E       fixture 'spark' not found
>       available fixtures: cache, capfd, capfdbinary, caplog, capsys, capsysbinary, capteesys, doctest_namespace, monkeypatch, pytestconfig, record_property, record_testsuite_property, record_xml_attribute, recwarn, silver_tables, subtests, tmp_path, tmp_path_factory, tmpdir, tmpdir_factory
>       use 'pytest --fixtures [testpath]' for help on them.

C:\Users\mohdq\src\DataBricks-Sample1\tests\test_bronze_silver_handover.py:118
_ ERROR at setup of TestBronzeSilverRuntimeHandover.test_silver_row_counts_bounded_by_bronze _
file C:\Users\mohdq\src\DataBricks-Sample1\tests\test_bronze_silver_handover.py, line 148
      def test_silver_row_counts_bounded_by_bronze(self, silver_tables, bronze_data):
file C:\Users\mohdq\src\DataBricks-Sample1\tests\test_bronze_silver_handover.py, line 118
      @pytest.fixture
      def silver_tables(self, spark, register_all_bronze):
E       fixture 'spark' not found
>       available fixtures: cache, capfd, capfdbinary, caplog, capsys, capsysbinary, capteesys, doctest_namespace, monkeypatch, pytestconfig, record_property, record_testsuite_property, record_xml_attribute, recwarn, silver_tables, subtests, tmp_path, tmp_path_factory, tmpdir, tmpdir_factory
>       use 'pytest --fixtures [testpath]' for help on them.

C:\Users\mohdq\src\DataBricks-Sample1\tests\test_bronze_silver_handover.py:118
_ ERROR at setup of TestBronzeMissingFailsSilver.test_silver_raises_when_bronze_unregistered _
file C:\Users\mohdq\src\DataBricks-Sample1\tests\test_bronze_silver_handover.py, line 163
      def test_silver_raises_when_bronze_unregistered(self, spark):
E       fixture 'spark' not found
>       available fixtures: cache, capfd, capfdbinary, caplog, capsys, capsysbinary, capteesys, doctest_namespace, monkeypatch, pytestconfig, record_property, record_testsuite_property, record_xml_attribute, recwarn, subtests, tmp_path, tmp_path_factory, tmpdir, tmpdir_factory
>       use 'pytest --fixtures [testpath]' for help on them.

C:\Users\mohdq\src\DataBricks-Sample1\tests\test_bronze_silver_handover.py:163
_ ERROR at setup of TestSequentialDependency.test_silver_fails_without_bronze _
file C:\Users\mohdq\src\DataBricks-Sample1\tests\test_e2e_pipeline.py, line 21
      def test_silver_fails_without_bronze(self, spark):
E       fixture 'spark' not found
>       available fixtures: cache, capfd, capfdbinary, caplog, capsys, capsysbinary, capteesys, doctest_namespace, monkeypatch, pytestconfig, record_property, record_testsuite_property, record_xml_attribute, recwarn, subtests, tmp_path, tmp_path_factory, tmpdir, tmpdir_factory
>       use 'pytest --fixtures [testpath]' for help on them.

C:\Users\mohdq\src\DataBricks-Sample1\tests\test_e2e_pipeline.py:21
__ ERROR at setup of TestSequentialDependency.test_gold_fails_without_silver __
file C:\Users\mohdq\src\DataBricks-Sample1\tests\test_e2e_pipeline.py, line 26
      def test_gold_fails_without_silver(self, spark, register_all_bronze):
E       fixture 'spark' not found
>       available fixtures: cache, capfd, capfdbinary, caplog, capsys, capsysbinary, capteesys, doctest_namespace, monkeypatch, pytestconfig, record_property, record_testsuite_property, record_xml_attribute, recwarn, subtests, tmp_path, tmp_path_factory, tmpdir, tmpdir_factory
>       use 'pytest --fixtures [testpath]' for help on them.

C:\Users\mohdq\src\DataBricks-Sample1\tests\test_e2e_pipeline.py:26
__ ERROR at setup of TestEndToEndDataPropagation.test_bronze_tables_present ___
file C:\Users\mohdq\src\DataBricks-Sample1\tests\test_e2e_pipeline.py, line 42
      def test_bronze_tables_present(self):
file C:\Users\mohdq\src\DataBricks-Sample1\tests\test_e2e_pipeline.py, line 35
      @pytest.fixture(autouse=True)
      def _run_full_pipeline(self, spark, register_all_bronze):
E       fixture 'spark' not found
>       available fixtures: _run_full_pipeline, cache, capfd, capfdbinary, caplog, capsys, capsysbinary, capteesys, doctest_namespace, monkeypatch, pytestconfig, record_property, record_testsuite_property, record_xml_attribute, recwarn, subtests, tmp_path, tmp_path_factory, tmpdir, tmpdir_factory
>       use 'pytest --fixtures [testpath]' for help on them.

C:\Users\mohdq\src\DataBricks-Sample1\tests\test_e2e_pipeline.py:35
__ ERROR at setup of TestEndToEndDataPropagation.test_silver_tables_present ___
file C:\Users\mohdq\src\DataBricks-Sample1\tests\test_e2e_pipeline.py, line 46
      def test_silver_tables_present(self):
file C:\Users\mohdq\src\DataBricks-Sample1\tests\test_e2e_pipeline.py, line 35
      @pytest.fixture(autouse=True)
      def _run_full_pipeline(self, spark, register_all_bronze):
E       fixture 'spark' not found
>       available fixtures: _run_full_pipeline, cache, capfd, capfdbinary, caplog, capsys, capsysbinary, capteesys, doctest_namespace, monkeypatch, pytestconfig, record_property, record_testsuite_property, record_xml_attribute, recwarn, subtests, tmp_path, tmp_path_factory, tmpdir, tmpdir_factory
>       use 'pytest --fixtures [testpath]' for help on them.

C:\Users\mohdq\src\DataBricks-Sample1\tests\test_e2e_pipeline.py:35
_ ERROR at setup of TestEndToEndDataPropagation.test_gold_dimensions_present __
file C:\Users\mohdq\src\DataBricks-Sample1\tests\test_e2e_pipeline.py, line 50
      def test_gold_dimensions_present(self):
file C:\Users\mohdq\src\DataBricks-Sample1\tests\test_e2e_pipeline.py, line 35
      @pytest.fixture(autouse=True)
      def _run_full_pipeline(self, spark, register_all_bronze):
E       fixture 'spark' not found
>       available fixtures: _run_full_pipeline, cache, capfd, capfdbinary, caplog, capsys, capsysbinary, capteesys, doctest_namespace, monkeypatch, pytestconfig, record_property, record_testsuite_property, record_xml_attribute, recwarn, subtests, tmp_path, tmp_path_factory, tmpdir, tmpdir_factory
>       use 'pytest --fixtures [testpath]' for help on them.

C:\Users\mohdq\src\DataBricks-Sample1\tests\test_e2e_pipeline.py:35
____ ERROR at setup of TestEndToEndDataPropagation.test_gold_facts_present ____
file C:\Users\mohdq\src\DataBricks-Sample1\tests\test_e2e_pipeline.py, line 54
      def test_gold_facts_present(self):
file C:\Users\mohdq\src\DataBricks-Sample1\tests\test_e2e_pipeline.py, line 35
      @pytest.fixture(autouse=True)
      def _run_full_pipeline(self, spark, register_all_bronze):
E       fixture 'spark' not found
>       available fixtures: _run_full_pipeline, cache, capfd, capfdbinary, caplog, capsys, capsysbinary, capteesys, doctest_namespace, monkeypatch, pytestconfig, record_property, record_testsuite_property, record_xml_attribute, recwarn, subtests, tmp_path, tmp_path_factory, tmpdir, tmpdir_factory
>       use 'pytest --fixtures [testpath]' for help on them.

C:\Users\mohdq\src\DataBricks-Sample1\tests\test_e2e_pipeline.py:35
____ ERROR at setup of TestEndToEndDataPropagation.test_total_table_count _____
file C:\Users\mohdq\src\DataBricks-Sample1\tests\test_e2e_pipeline.py, line 58
      def test_total_table_count(self):
file C:\Users\mohdq\src\DataBricks-Sample1\tests\test_e2e_pipeline.py, line 35
      @pytest.fixture(autouse=True)
      def _run_full_pipeline(self, spark, register_all_bronze):
E       fixture 'spark' not found
>       available fixtures: _run_full_pipeline, cache, capfd, capfdbinary, caplog, capsys, capsysbinary, capteesys, doctest_namespace, monkeypatch, pytestconfig, record_property, record_testsuite_property, record_xml_attribute, recwarn, subtests, tmp_path, tmp_path_factory, tmpdir, tmpdir_factory
>       use 'pytest --fixtures [testpath]' for help on them.

C:\Users\mohdq\src\DataBricks-Sample1\tests\test_e2e_pipeline.py:35
______ ERROR at setup of TestVendorDataPropagation.test_vendor_in_bronze ______
file C:\Users\mohdq\src\DataBricks-Sample1\tests\test_e2e_pipeline.py, line 73
      def test_vendor_in_bronze(self):
file C:\Users\mohdq\src\DataBricks-Sample1\tests\test_e2e_pipeline.py, line 67
      @pytest.fixture(autouse=True)
      def _run_full_pipeline(self, spark, register_all_bronze):
E       fixture 'spark' not found
>       available fixtures: _run_full_pipeline, cache, capfd, capfdbinary, caplog, capsys, capsysbinary, capteesys, doctest_namespace, monkeypatch, pytestconfig, record_property, record_testsuite_property, record_xml_attribute, recwarn, subtests, tmp_path, tmp_path_factory, tmpdir, tmpdir_factory
>       use 'pytest --fixtures [testpath]' for help on them.

C:\Users\mohdq\src\DataBricks-Sample1\tests\test_e2e_pipeline.py:67
______ ERROR at setup of TestVendorDataPropagation.test_vendor_in_silver ______
file C:\Users\mohdq\src\DataBricks-Sample1\tests\test_e2e_pipeline.py, line 77
      def test_vendor_in_silver(self):
file C:\Users\mohdq\src\DataBricks-Sample1\tests\test_e2e_pipeline.py, line 67
      @pytest.fixture(autouse=True)
      def _run_full_pipeline(self, spark, register_all_bronze):
E       fixture 'spark' not found
>       available fixtures: _run_full_pipeline, cache, capfd, capfdbinary, caplog, capsys, capsysbinary, capteesys, doctest_namespace, monkeypatch, pytestconfig, record_property, record_testsuite_property, record_xml_attribute, recwarn, subtests, tmp_path, tmp_path_factory, tmpdir, tmpdir_factory
>       use 'pytest --fixtures [testpath]' for help on them.

C:\Users\mohdq\src\DataBricks-Sample1\tests\test_e2e_pipeline.py:67
_____ ERROR at setup of TestVendorDataPropagation.test_vendor_in_gold_dim _____
file C:\Users\mohdq\src\DataBricks-Sample1\tests\test_e2e_pipeline.py, line 81
      def test_vendor_in_gold_dim(self):
file C:\Users\mohdq\src\DataBricks-Sample1\tests\test_e2e_pipeline.py, line 67
      @pytest.fixture(autouse=True)
      def _run_full_pipeline(self, spark, register_all_bronze):
E       fixture 'spark' not found
>       available fixtures: _run_full_pipeline, cache, capfd, capfdbinary, caplog, capsys, capsysbinary, capteesys, doctest_namespace, monkeypatch, pytestconfig, record_property, record_testsuite_property, record_xml_attribute, recwarn, subtests, tmp_path, tmp_path_factory, tmpdir, tmpdir_factory
>       use 'pytest --fixtures [testpath]' for help on them.

C:\Users\mohdq\src\DataBricks-Sample1\tests\test_e2e_pipeline.py:67
_ ERROR at setup of TestVendorDataPropagation.test_vendor_in_gold_fact_performance _
file C:\Users\mohdq\src\DataBricks-Sample1\tests\test_e2e_pipeline.py, line 85
      def test_vendor_in_gold_fact_performance(self):
file C:\Users\mohdq\src\DataBricks-Sample1\tests\test_e2e_pipeline.py, line 67
      @pytest.fixture(autouse=True)
      def _run_full_pipeline(self, spark, register_all_bronze):
E       fixture 'spark' not found
>       available fixtures: _run_full_pipeline, cache, capfd, capfdbinary, caplog, capsys, capsysbinary, capteesys, doctest_namespace, monkeypatch, pytestconfig, record_property, record_testsuite_property, record_xml_attribute, recwarn, subtests, tmp_path, tmp_path_factory, tmpdir, tmpdir_factory
>       use 'pytest --fixtures [testpath]' for help on them.

C:\Users\mohdq\src\DataBricks-Sample1\tests\test_e2e_pipeline.py:67
_ ERROR at setup of TestVendorDataPropagation.test_null_vendor_dropped_in_silver _
file C:\Users\mohdq\src\DataBricks-Sample1\tests\test_e2e_pipeline.py, line 89
      def test_null_vendor_dropped_in_silver(self):
file C:\Users\mohdq\src\DataBricks-Sample1\tests\test_e2e_pipeline.py, line 67
      @pytest.fixture(autouse=True)
      def _run_full_pipeline(self, spark, register_all_bronze):
E       fixture 'spark' not found
>       available fixtures: _run_full_pipeline, cache, capfd, capfdbinary, caplog, capsys, capsysbinary, capteesys, doctest_namespace, monkeypatch, pytestconfig, record_property, record_testsuite_property, record_xml_attribute, recwarn, subtests, tmp_path, tmp_path_factory, tmpdir, tmpdir_factory
>       use 'pytest --fixtures [testpath]' for help on them.

C:\Users\mohdq\src\DataBricks-Sample1\tests\test_e2e_pipeline.py:67
_ ERROR at setup of TestVendorDataPropagation.test_null_vendor_absent_in_gold _
file C:\Users\mohdq\src\DataBricks-Sample1\tests\test_e2e_pipeline.py, line 93
      def test_null_vendor_absent_in_gold(self):
file C:\Users\mohdq\src\DataBricks-Sample1\tests\test_e2e_pipeline.py, line 67
      @pytest.fixture(autouse=True)
      def _run_full_pipeline(self, spark, register_all_bronze):
E       fixture 'spark' not found
>       available fixtures: _run_full_pipeline, cache, capfd, capfdbinary, caplog, capsys, capsysbinary, capteesys, doctest_namespace, monkeypatch, pytestconfig, record_property, record_testsuite_property, record_xml_attribute, recwarn, subtests, tmp_path, tmp_path_factory, tmpdir, tmpdir_factory
>       use 'pytest --fixtures [testpath]' for help on them.

C:\Users\mohdq\src\DataBricks-Sample1\tests\test_e2e_pipeline.py:67
______ ERROR at setup of TestPurchaseOrderPropagation.test_po_in_bronze _______
file C:\Users\mohdq\src\DataBricks-Sample1\tests\test_e2e_pipeline.py, line 107
      def test_po_in_bronze(self):
file C:\Users\mohdq\src\DataBricks-Sample1\tests\test_e2e_pipeline.py, line 101
      @pytest.fixture(autouse=True)
      def _run_full_pipeline(self, spark, register_all_bronze):
E       fixture 'spark' not found
>       available fixtures: _run_full_pipeline, cache, capfd, capfdbinary, caplog, capsys, capsysbinary, capteesys, doctest_namespace, monkeypatch, pytestconfig, record_property, record_testsuite_property, record_xml_attribute, recwarn, subtests, tmp_path, tmp_path_factory, tmpdir, tmpdir_factory
>       use 'pytest --fixtures [testpath]' for help on them.

C:\Users\mohdq\src\DataBricks-Sample1\tests\test_e2e_pipeline.py:101
______ ERROR at setup of TestPurchaseOrderPropagation.test_po_in_silver _______
file C:\Users\mohdq\src\DataBricks-Sample1\tests\test_e2e_pipeline.py, line 111
      def test_po_in_silver(self):
file C:\Users\mohdq\src\DataBricks-Sample1\tests\test_e2e_pipeline.py, line 101
      @pytest.fixture(autouse=True)
      def _run_full_pipeline(self, spark, register_all_bronze):
E       fixture 'spark' not found
>       available fixtures: _run_full_pipeline, cache, capfd, capfdbinary, caplog, capsys, capsysbinary, capteesys, doctest_namespace, monkeypatch, pytestconfig, record_property, record_testsuite_property, record_xml_attribute, recwarn, subtests, tmp_path, tmp_path_factory, tmpdir, tmpdir_factory
>       use 'pytest --fixtures [testpath]' for help on them.

C:\Users\mohdq\src\DataBricks-Sample1\tests\test_e2e_pipeline.py:101
_____ ERROR at setup of TestPurchaseOrderPropagation.test_po_in_gold_fact _____
file C:\Users\mohdq\src\DataBricks-Sample1\tests\test_e2e_pipeline.py, line 115
      def test_po_in_gold_fact(self):
file C:\Users\mohdq\src\DataBricks-Sample1\tests\test_e2e_pipeline.py, line 101
      @pytest.fixture(autouse=True)
      def _run_full_pipeline(self, spark, register_all_bronze):
E       fixture 'spark' not found
>       available fixtures: _run_full_pipeline, cache, capfd, capfdbinary, caplog, capsys, capsysbinary, capteesys, doctest_namespace, monkeypatch, pytestconfig, record_property, record_testsuite_property, record_xml_attribute, recwarn, subtests, tmp_path, tmp_path_factory, tmpdir, tmpdir_factory
>       use 'pytest --fixtures [testpath]' for help on them.

C:\Users\mohdq\src\DataBricks-Sample1\tests\test_e2e_pipeline.py:101
_ ERROR at setup of TestPurchaseOrderPropagation.test_po_line_items_aggregated_in_gold _
file C:\Users\mohdq\src\DataBricks-Sample1\tests\test_e2e_pipeline.py, line 119
      def test_po_line_items_aggregated_in_gold(self):
file C:\Users\mohdq\src\DataBricks-Sample1\tests\test_e2e_pipeline.py, line 101
      @pytest.fixture(autouse=True)
      def _run_full_pipeline(self, spark, register_all_bronze):
E       fixture 'spark' not found
>       available fixtures: _run_full_pipeline, cache, capfd, capfdbinary, caplog, capsys, capsysbinary, capteesys, doctest_namespace, monkeypatch, pytestconfig, record_property, record_testsuite_property, record_xml_attribute, recwarn, subtests, tmp_path, tmp_path_factory, tmpdir, tmpdir_factory
>       use 'pytest --fixtures [testpath]' for help on them.

C:\Users\mohdq\src\DataBricks-Sample1\tests\test_e2e_pipeline.py:101
______ ERROR at setup of TestContractPropagation.test_contract_in_bronze ______
file C:\Users\mohdq\src\DataBricks-Sample1\tests\test_e2e_pipeline.py, line 136
      def test_contract_in_bronze(self):
file C:\Users\mohdq\src\DataBricks-Sample1\tests\test_e2e_pipeline.py, line 130
      @pytest.fixture(autouse=True)
      def _run_full_pipeline(self, spark, register_all_bronze):
E       fixture 'spark' not found
>       available fixtures: _run_full_pipeline, cache, capfd, capfdbinary, caplog, capsys, capsysbinary, capteesys, doctest_namespace, monkeypatch, pytestconfig, record_property, record_testsuite_property, record_xml_attribute, recwarn, subtests, tmp_path, tmp_path_factory, tmpdir, tmpdir_factory
>       use 'pytest --fixtures [testpath]' for help on them.

C:\Users\mohdq\src\DataBricks-Sample1\tests\test_e2e_pipeline.py:130
______ ERROR at setup of TestContractPropagation.test_contract_in_silver ______
file C:\Users\mohdq\src\DataBricks-Sample1\tests\test_e2e_pipeline.py, line 140
      def test_contract_in_silver(self):
file C:\Users\mohdq\src\DataBricks-Sample1\tests\test_e2e_pipeline.py, line 130
      @pytest.fixture(autouse=True)
      def _run_full_pipeline(self, spark, register_all_bronze):
E       fixture 'spark' not found
>       available fixtures: _run_full_pipeline, cache, capfd, capfdbinary, caplog, capsys, capsysbinary, capteesys, doctest_namespace, monkeypatch, pytestconfig, record_property, record_testsuite_property, record_xml_attribute, recwarn, subtests, tmp_path, tmp_path_factory, tmpdir, tmpdir_factory
>       use 'pytest --fixtures [testpath]' for help on them.

C:\Users\mohdq\src\DataBricks-Sample1\tests\test_e2e_pipeline.py:130
_____ ERROR at setup of TestContractPropagation.test_contract_in_gold_dim _____
file C:\Users\mohdq\src\DataBricks-Sample1\tests\test_e2e_pipeline.py, line 144
      def test_contract_in_gold_dim(self):
file C:\Users\mohdq\src\DataBricks-Sample1\tests\test_e2e_pipeline.py, line 130
      @pytest.fixture(autouse=True)
      def _run_full_pipeline(self, spark, register_all_bronze):
E       fixture 'spark' not found
>       available fixtures: _run_full_pipeline, cache, capfd, capfdbinary, caplog, capsys, capsysbinary, capteesys, doctest_namespace, monkeypatch, pytestconfig, record_property, record_testsuite_property, record_xml_attribute, recwarn, subtests, tmp_path, tmp_path_factory, tmpdir, tmpdir_factory
>       use 'pytest --fixtures [testpath]' for help on them.

C:\Users\mohdq\src\DataBricks-Sample1\tests\test_e2e_pipeline.py:130
____ ERROR at setup of TestContractPropagation.test_contract_in_gold_fact _____
file C:\Users\mohdq\src\DataBricks-Sample1\tests\test_e2e_pipeline.py, line 148
      def test_contract_in_gold_fact(self):
file C:\Users\mohdq\src\DataBricks-Sample1\tests\test_e2e_pipeline.py, line 130
      @pytest.fixture(autouse=True)
      def _run_full_pipeline(self, spark, register_all_bronze):
E       fixture 'spark' not found
>       available fixtures: _run_full_pipeline, cache, capfd, capfdbinary, caplog, capsys, capsysbinary, capteesys, doctest_namespace, monkeypatch, pytestconfig, record_property, record_testsuite_property, record_xml_attribute, recwarn, subtests, tmp_path, tmp_path_factory, tmpdir, tmpdir_factory
>       use 'pytest --fixtures [testpath]' for help on them.

C:\Users\mohdq\src\DataBricks-Sample1\tests\test_e2e_pipeline.py:130
__ ERROR at setup of TestContractPropagation.test_contract_items_aggregated ___
file C:\Users\mohdq\src\DataBricks-Sample1\tests\test_e2e_pipeline.py, line 152
      def test_contract_items_aggregated(self):
file C:\Users\mohdq\src\DataBricks-Sample1\tests\test_e2e_pipeline.py, line 130
      @pytest.fixture(autouse=True)
      def _run_full_pipeline(self, spark, register_all_bronze):
E       fixture 'spark' not found
>       available fixtures: _run_full_pipeline, cache, capfd, capfdbinary, caplog, capsys, capsysbinary, capteesys, doctest_namespace, monkeypatch, pytestconfig, record_property, record_testsuite_property, record_xml_attribute, recwarn, subtests, tmp_path, tmp_path_factory, tmpdir, tmpdir_factory
>       use 'pytest --fixtures [testpath]' for help on them.

C:\Users\mohdq\src\DataBricks-Sample1\tests\test_e2e_pipeline.py:130
_ ERROR at setup of TestDataQualityPropagation.test_null_pks_removed_at_silver _
file C:\Users\mohdq\src\DataBricks-Sample1\tests\test_e2e_pipeline.py, line 168
      def test_null_pks_removed_at_silver(self):
file C:\Users\mohdq\src\DataBricks-Sample1\tests\test_e2e_pipeline.py, line 162
      @pytest.fixture(autouse=True)
      def _run_full_pipeline(self, spark, register_all_bronze):
E       fixture 'spark' not found
>       available fixtures: _run_full_pipeline, cache, capfd, capfdbinary, caplog, capsys, capsysbinary, capteesys, doctest_namespace, monkeypatch, pytestconfig, record_property, record_testsuite_property, record_xml_attribute, recwarn, subtests, tmp_path, tmp_path_factory, tmpdir, tmpdir_factory
>       use 'pytest --fixtures [testpath]' for help on them.

C:\Users\mohdq\src\DataBricks-Sample1\tests\test_e2e_pipeline.py:162
_ ERROR at setup of TestDataQualityPropagation.test_gold_row_counts_consistent _
file C:\Users\mohdq\src\DataBricks-Sample1\tests\test_e2e_pipeline.py, line 192
      def test_gold_row_counts_consistent(self):
file C:\Users\mohdq\src\DataBricks-Sample1\tests\test_e2e_pipeline.py, line 162
      @pytest.fixture(autouse=True)
      def _run_full_pipeline(self, spark, register_all_bronze):
E       fixture 'spark' not found
>       available fixtures: _run_full_pipeline, cache, capfd, capfdbinary, caplog, capsys, capsysbinary, capteesys, doctest_namespace, monkeypatch, pytestconfig, record_property, record_testsuite_property, record_xml_attribute, recwarn, subtests, tmp_path, tmp_path_factory, tmpdir, tmpdir_factory
>       use 'pytest --fixtures [testpath]' for help on them.

C:\Users\mohdq\src\DataBricks-Sample1\tests\test_e2e_pipeline.py:162
___ ERROR at setup of TestDataQualityPropagation.test_expectations_recorded ___
file C:\Users\mohdq\src\DataBricks-Sample1\tests\test_e2e_pipeline.py, line 198
      def test_expectations_recorded(self):
file C:\Users\mohdq\src\DataBricks-Sample1\tests\test_e2e_pipeline.py, line 162
      @pytest.fixture(autouse=True)
      def _run_full_pipeline(self, spark, register_all_bronze):
E       fixture 'spark' not found
>       available fixtures: _run_full_pipeline, cache, capfd, capfdbinary, caplog, capsys, capsysbinary, capteesys, doctest_namespace, monkeypatch, pytestconfig, record_property, record_testsuite_property, record_xml_attribute, recwarn, subtests, tmp_path, tmp_path_factory, tmpdir, tmpdir_factory
>       use 'pytest --fixtures [testpath]' for help on them.

C:\Users\mohdq\src\DataBricks-Sample1\tests\test_e2e_pipeline.py:162
____ ERROR at setup of TestTransformPersistence.test_trimmed_names_in_gold ____
file C:\Users\mohdq\src\DataBricks-Sample1\tests\test_e2e_pipeline.py, line 213
      def test_trimmed_names_in_gold(self):
file C:\Users\mohdq\src\DataBricks-Sample1\tests\test_e2e_pipeline.py, line 207
      @pytest.fixture(autouse=True)
      def _run_full_pipeline(self, spark, register_all_bronze):
E       fixture 'spark' not found
>       available fixtures: _run_full_pipeline, cache, capfd, capfdbinary, caplog, capsys, capsysbinary, capteesys, doctest_namespace, monkeypatch, pytestconfig, record_property, record_testsuite_property, record_xml_attribute, recwarn, subtests, tmp_path, tmp_path_factory, tmpdir, tmpdir_factory
>       use 'pytest --fixtures [testpath]' for help on them.

C:\Users\mohdq\src\DataBricks-Sample1\tests\test_e2e_pipeline.py:207
____ ERROR at setup of TestTransformPersistence.test_type_casting_persists ____
file C:\Users\mohdq\src\DataBricks-Sample1\tests\test_e2e_pipeline.py, line 220
      def test_type_casting_persists(self):
file C:\Users\mohdq\src\DataBricks-Sample1\tests\test_e2e_pipeline.py, line 207
      @pytest.fixture(autouse=True)
      def _run_full_pipeline(self, spark, register_all_bronze):
E       fixture 'spark' not found
>       available fixtures: _run_full_pipeline, cache, capfd, capfdbinary, caplog, capsys, capsysbinary, capteesys, doctest_namespace, monkeypatch, pytestconfig, record_property, record_testsuite_property, record_xml_attribute, recwarn, subtests, tmp_path, tmp_path_factory, tmpdir, tmpdir_factory
>       use 'pytest --fixtures [testpath]' for help on them.

C:\Users\mohdq\src\DataBricks-Sample1\tests\test_e2e_pipeline.py:207
___ ERROR at setup of TestTransformPersistence.test_derived_columns_in_gold ___
file C:\Users\mohdq\src\DataBricks-Sample1\tests\test_e2e_pipeline.py, line 227
      def test_derived_columns_in_gold(self):
file C:\Users\mohdq\src\DataBricks-Sample1\tests\test_e2e_pipeline.py, line 207
      @pytest.fixture(autouse=True)
      def _run_full_pipeline(self, spark, register_all_bronze):
E       fixture 'spark' not found
>       available fixtures: _run_full_pipeline, cache, capfd, capfdbinary, caplog, capsys, capsysbinary, capteesys, doctest_namespace, monkeypatch, pytestconfig, record_property, record_testsuite_property, record_xml_attribute, recwarn, subtests, tmp_path, tmp_path_factory, tmpdir, tmpdir_factory
>       use 'pytest --fixtures [testpath]' for help on them.

C:\Users\mohdq\src\DataBricks-Sample1\tests\test_e2e_pipeline.py:207
_ ERROR at setup of TestGoldPipelineExecution.test_gold_creates_9_dimensions __
file c:\Users\mohdq\src\DataBricks-Sample1\tests\test_gold_pipeline.py, line 47
      def test_gold_creates_9_dimensions(self, gold_tables):
file c:\Users\mohdq\src\DataBricks-Sample1\tests\test_gold_pipeline.py, line 21
  @pytest.fixture
  def gold_tables(spark, register_all_bronze):
E       fixture 'spark' not found
>       available fixtures: cache, capfd, capfdbinary, caplog, capsys, capsysbinary, capteesys, doctest_namespace, gold_tables, monkeypatch, pytestconfig, record_property, record_testsuite_property, record_xml_attribute, recwarn, subtests, tmp_path, tmp_path_factory, tmpdir, tmpdir_factory
>       use 'pytest --fixtures [testpath]' for help on them.

c:\Users\mohdq\src\DataBricks-Sample1\tests\test_gold_pipeline.py:21
____ ERROR at setup of TestGoldPipelineExecution.test_gold_creates_9_facts ____
file c:\Users\mohdq\src\DataBricks-Sample1\tests\test_gold_pipeline.py, line 51
      def test_gold_creates_9_facts(self, gold_tables):
file c:\Users\mohdq\src\DataBricks-Sample1\tests\test_gold_pipeline.py, line 21
  @pytest.fixture
  def gold_tables(spark, register_all_bronze):
E       fixture 'spark' not found
>       available fixtures: cache, capfd, capfdbinary, caplog, capsys, capsysbinary, capteesys, doctest_namespace, gold_tables, monkeypatch, pytestconfig, record_property, record_testsuite_property, record_xml_attribute, recwarn, subtests, tmp_path, tmp_path_factory, tmpdir, tmpdir_factory
>       use 'pytest --fixtures [testpath]' for help on them.

c:\Users\mohdq\src\DataBricks-Sample1\tests\test_gold_pipeline.py:21
_ ERROR at setup of TestGoldPipelineExecution.test_all_18_gold_tables_not_empty _
file c:\Users\mohdq\src\DataBricks-Sample1\tests\test_gold_pipeline.py, line 55
      def test_all_18_gold_tables_not_empty(self, gold_tables):
file c:\Users\mohdq\src\DataBricks-Sample1\tests\test_gold_pipeline.py, line 21
  @pytest.fixture
  def gold_tables(spark, register_all_bronze):
E       fixture 'spark' not found
>       available fixtures: cache, capfd, capfdbinary, caplog, capsys, capsysbinary, capteesys, doctest_namespace, gold_tables, monkeypatch, pytestconfig, record_property, record_testsuite_property, record_xml_attribute, recwarn, subtests, tmp_path, tmp_path_factory, tmpdir, tmpdir_factory
>       use 'pytest --fixtures [testpath]' for help on them.

c:\Users\mohdq\src\DataBricks-Sample1\tests\test_gold_pipeline.py:21
_________ ERROR at setup of TestDimDate.test_date_range_2020_to_2030 __________
file c:\Users\mohdq\src\DataBricks-Sample1\tests\test_gold_pipeline.py, line 65
      def test_date_range_2020_to_2030(self, gold_tables):
file c:\Users\mohdq\src\DataBricks-Sample1\tests\test_gold_pipeline.py, line 21
  @pytest.fixture
  def gold_tables(spark, register_all_bronze):
E       fixture 'spark' not found
>       available fixtures: cache, capfd, capfdbinary, caplog, capsys, capsysbinary, capteesys, doctest_namespace, gold_tables, monkeypatch, pytestconfig, record_property, record_testsuite_property, record_xml_attribute, recwarn, subtests, tmp_path, tmp_path_factory, tmpdir, tmpdir_factory
>       use 'pytest --fixtures [testpath]' for help on them.

c:\Users\mohdq\src\DataBricks-Sample1\tests\test_gold_pipeline.py:21
_____________ ERROR at setup of TestDimDate.test_date_key_format ______________
file c:\Users\mohdq\src\DataBricks-Sample1\tests\test_gold_pipeline.py, line 72
      def test_date_key_format(self, gold_tables):
file c:\Users\mohdq\src\DataBricks-Sample1\tests\test_gold_pipeline.py, line 21
  @pytest.fixture
  def gold_tables(spark, register_all_bronze):
E       fixture 'spark' not found
>       available fixtures: cache, capfd, capfdbinary, caplog, capsys, capsysbinary, capteesys, doctest_namespace, gold_tables, monkeypatch, pytestconfig, record_property, record_testsuite_property, record_xml_attribute, recwarn, subtests, tmp_path, tmp_path_factory, tmpdir, tmpdir_factory
>       use 'pytest --fixtures [testpath]' for help on them.

c:\Users\mohdq\src\DataBricks-Sample1\tests\test_gold_pipeline.py:21
___________ ERROR at setup of TestDimDate.test_date_columns_present ___________
file c:\Users\mohdq\src\DataBricks-Sample1\tests\test_gold_pipeline.py, line 77
      def test_date_columns_present(self, gold_tables):
file c:\Users\mohdq\src\DataBricks-Sample1\tests\test_gold_pipeline.py, line 21
  @pytest.fixture
  def gold_tables(spark, register_all_bronze):
E       fixture 'spark' not found
>       available fixtures: cache, capfd, capfdbinary, caplog, capsys, capsysbinary, capteesys, doctest_namespace, gold_tables, monkeypatch, pytestconfig, record_property, record_testsuite_property, record_xml_attribute, recwarn, subtests, tmp_path, tmp_path_factory, tmpdir, tmpdir_factory
>       use 'pytest --fixtures [testpath]' for help on them.

c:\Users\mohdq\src\DataBricks-Sample1\tests\test_gold_pipeline.py:21
______ ERROR at setup of TestDimDate.test_total_rows_approximately_4018 _______
file c:\Users\mohdq\src\DataBricks-Sample1\tests\test_gold_pipeline.py, line 87
      def test_total_rows_approximately_4018(self, gold_tables):
file c:\Users\mohdq\src\DataBricks-Sample1\tests\test_gold_pipeline.py, line 21
  @pytest.fixture
  def gold_tables(spark, register_all_bronze):
E       fixture 'spark' not found
>       available fixtures: cache, capfd, capfdbinary, caplog, capsys, capsysbinary, capteesys, doctest_namespace, gold_tables, monkeypatch, pytestconfig, record_property, record_testsuite_property, record_xml_attribute, recwarn, subtests, tmp_path, tmp_path_factory, tmpdir, tmpdir_factory
>       use 'pytest --fixtures [testpath]' for help on them.

c:\Users\mohdq\src\DataBricks-Sample1\tests\test_gold_pipeline.py:21
____________ ERROR at setup of TestDimVendor.test_tier_derivation _____________
file c:\Users\mohdq\src\DataBricks-Sample1\tests\test_gold_pipeline.py, line 95
      def test_tier_derivation(self, gold_tables):
file c:\Users\mohdq\src\DataBricks-Sample1\tests\test_gold_pipeline.py, line 21
  @pytest.fixture
  def gold_tables(spark, register_all_bronze):
E       fixture 'spark' not found
>       available fixtures: cache, capfd, capfdbinary, caplog, capsys, capsysbinary, capteesys, doctest_namespace, gold_tables, monkeypatch, pytestconfig, record_property, record_testsuite_property, record_xml_attribute, recwarn, subtests, tmp_path, tmp_path_factory, tmpdir, tmpdir_factory
>       use 'pytest --fixtures [testpath]' for help on them.

c:\Users\mohdq\src\DataBricks-Sample1\tests\test_gold_pipeline.py:21
___________ ERROR at setup of TestDimVendor.test_status_derivation ____________
file c:\Users\mohdq\src\DataBricks-Sample1\tests\test_gold_pipeline.py, line 101
      def test_status_derivation(self, gold_tables):
file c:\Users\mohdq\src\DataBricks-Sample1\tests\test_gold_pipeline.py, line 21
  @pytest.fixture
  def gold_tables(spark, register_all_bronze):
E       fixture 'spark' not found
>       available fixtures: cache, capfd, capfdbinary, caplog, capsys, capsysbinary, capteesys, doctest_namespace, gold_tables, monkeypatch, pytestconfig, record_property, record_testsuite_property, record_xml_attribute, recwarn, subtests, tmp_path, tmp_path_factory, tmpdir, tmpdir_factory
>       use 'pytest --fixtures [testpath]' for help on them.

c:\Users\mohdq\src\DataBricks-Sample1\tests\test_gold_pipeline.py:21
_____________ ERROR at setup of TestDimVendor.test_gold_timestamp _____________
file c:\Users\mohdq\src\DataBricks-Sample1\tests\test_gold_pipeline.py, line 107
      def test_gold_timestamp(self, gold_tables):
file c:\Users\mohdq\src\DataBricks-Sample1\tests\test_gold_pipeline.py, line 21
  @pytest.fixture
  def gold_tables(spark, register_all_bronze):
E       fixture 'spark' not found
>       available fixtures: cache, capfd, capfdbinary, caplog, capsys, capsysbinary, capteesys, doctest_namespace, gold_tables, monkeypatch, pytestconfig, record_property, record_testsuite_property, record_xml_attribute, recwarn, subtests, tmp_path, tmp_path_factory, tmpdir, tmpdir_factory
>       use 'pytest --fixtures [testpath]' for help on them.

c:\Users\mohdq\src\DataBricks-Sample1\tests\test_gold_pipeline.py:21
___________ ERROR at setup of TestDimProject.test_region_derivation ___________
file c:\Users\mohdq\src\DataBricks-Sample1\tests\test_gold_pipeline.py, line 114
      def test_region_derivation(self, gold_tables):
file c:\Users\mohdq\src\DataBricks-Sample1\tests\test_gold_pipeline.py, line 21
  @pytest.fixture
  def gold_tables(spark, register_all_bronze):
E       fixture 'spark' not found
>       available fixtures: cache, capfd, capfdbinary, caplog, capsys, capsysbinary, capteesys, doctest_namespace, gold_tables, monkeypatch, pytestconfig, record_property, record_testsuite_property, record_xml_attribute, recwarn, subtests, tmp_path, tmp_path_factory, tmpdir, tmpdir_factory
>       use 'pytest --fixtures [testpath]' for help on them.

c:\Users\mohdq\src\DataBricks-Sample1\tests\test_gold_pipeline.py:21
_________ ERROR at setup of TestDimProject.test_project_duration_days _________
file c:\Users\mohdq\src\DataBricks-Sample1\tests\test_gold_pipeline.py, line 119
      def test_project_duration_days(self, gold_tables):
file c:\Users\mohdq\src\DataBricks-Sample1\tests\test_gold_pipeline.py, line 21
  @pytest.fixture
  def gold_tables(spark, register_all_bronze):
E       fixture 'spark' not found
>       available fixtures: cache, capfd, capfdbinary, caplog, capsys, capsysbinary, capteesys, doctest_namespace, gold_tables, monkeypatch, pytestconfig, record_property, record_testsuite_property, record_xml_attribute, recwarn, subtests, tmp_path, tmp_path_factory, tmpdir, tmpdir_factory
>       use 'pytest --fixtures [testpath]' for help on them.

c:\Users\mohdq\src\DataBricks-Sample1\tests\test_gold_pipeline.py:21
___________ ERROR at setup of TestDimMaterial.test_material_columns ___________
file c:\Users\mohdq\src\DataBricks-Sample1\tests\test_gold_pipeline.py, line 127
      def test_material_columns(self, gold_tables):
file c:\Users\mohdq\src\DataBricks-Sample1\tests\test_gold_pipeline.py, line 21
  @pytest.fixture
  def gold_tables(spark, register_all_bronze):
E       fixture 'spark' not found
>       available fixtures: cache, capfd, capfdbinary, caplog, capsys, capsysbinary, capteesys, doctest_namespace, gold_tables, monkeypatch, pytestconfig, record_property, record_testsuite_property, record_xml_attribute, recwarn, subtests, tmp_path, tmp_path_factory, tmpdir, tmpdir_factory
>       use 'pytest --fixtures [testpath]' for help on them.

c:\Users\mohdq\src\DataBricks-Sample1\tests\test_gold_pipeline.py:21
___________ ERROR at setup of TestDimEmployee.test_employee_columns ___________
file c:\Users\mohdq\src\DataBricks-Sample1\tests\test_gold_pipeline.py, line 135
      def test_employee_columns(self, gold_tables):
file c:\Users\mohdq\src\DataBricks-Sample1\tests\test_gold_pipeline.py, line 21
  @pytest.fixture
  def gold_tables(spark, register_all_bronze):
E       fixture 'spark' not found
>       available fixtures: cache, capfd, capfdbinary, caplog, capsys, capsysbinary, capteesys, doctest_namespace, gold_tables, monkeypatch, pytestconfig, record_property, record_testsuite_property, record_xml_attribute, recwarn, subtests, tmp_path, tmp_path_factory, tmpdir, tmpdir_factory
>       use 'pytest --fixtures [testpath]' for help on them.

c:\Users\mohdq\src\DataBricks-Sample1\tests\test_gold_pipeline.py:21
________ ERROR at setup of TestDimGeography.test_geography_key_is_sha2 ________
file c:\Users\mohdq\src\DataBricks-Sample1\tests\test_gold_pipeline.py, line 142
      def test_geography_key_is_sha2(self, gold_tables):
file c:\Users\mohdq\src\DataBricks-Sample1\tests\test_gold_pipeline.py, line 21
  @pytest.fixture
  def gold_tables(spark, register_all_bronze):
E       fixture 'spark' not found
>       available fixtures: cache, capfd, capfdbinary, caplog, capsys, capsysbinary, capteesys, doctest_namespace, gold_tables, monkeypatch, pytestconfig, record_property, record_testsuite_property, record_xml_attribute, recwarn, subtests, tmp_path, tmp_path_factory, tmpdir, tmpdir_factory
>       use 'pytest --fixtures [testpath]' for help on them.

c:\Users\mohdq\src\DataBricks-Sample1\tests\test_gold_pipeline.py:21
__________ ERROR at setup of TestDimGeography.test_region_derivation __________
file c:\Users\mohdq\src\DataBricks-Sample1\tests\test_gold_pipeline.py, line 148
      def test_region_derivation(self, gold_tables):
file c:\Users\mohdq\src\DataBricks-Sample1\tests\test_gold_pipeline.py, line 21
  @pytest.fixture
  def gold_tables(spark, register_all_bronze):
E       fixture 'spark' not found
>       available fixtures: cache, capfd, capfdbinary, caplog, capsys, capsysbinary, capteesys, doctest_namespace, gold_tables, monkeypatch, pytestconfig, record_property, record_testsuite_property, record_xml_attribute, recwarn, subtests, tmp_path, tmp_path_factory, tmpdir, tmpdir_factory
>       use 'pytest --fixtures [testpath]' for help on them.

c:\Users\mohdq\src\DataBricks-Sample1\tests\test_gold_pipeline.py:21
___________ ERROR at setup of TestDimContract.test_cost_growth_pct ____________
file c:\Users\mohdq\src\DataBricks-Sample1\tests\test_gold_pipeline.py, line 156
      def test_cost_growth_pct(self, gold_tables):
file c:\Users\mohdq\src\DataBricks-Sample1\tests\test_gold_pipeline.py, line 21
  @pytest.fixture
  def gold_tables(spark, register_all_bronze):
E       fixture 'spark' not found
>       available fixtures: cache, capfd, capfdbinary, caplog, capsys, capsysbinary, capteesys, doctest_namespace, gold_tables, monkeypatch, pytestconfig, record_property, record_testsuite_property, record_xml_attribute, recwarn, subtests, tmp_path, tmp_path_factory, tmpdir, tmpdir_factory
>       use 'pytest --fixtures [testpath]' for help on them.

c:\Users\mohdq\src\DataBricks-Sample1\tests\test_gold_pipeline.py:21
________ ERROR at setup of TestDimCostCenter.test_cost_center_distinct ________
file c:\Users\mohdq\src\DataBricks-Sample1\tests\test_gold_pipeline.py, line 164
      def test_cost_center_distinct(self, gold_tables):
file c:\Users\mohdq\src\DataBricks-Sample1\tests\test_gold_pipeline.py, line 21
  @pytest.fixture
  def gold_tables(spark, register_all_bronze):
E       fixture 'spark' not found
>       available fixtures: cache, capfd, capfdbinary, caplog, capsys, capsysbinary, capteesys, doctest_namespace, gold_tables, monkeypatch, pytestconfig, record_property, record_testsuite_property, record_xml_attribute, recwarn, subtests, tmp_path, tmp_path_factory, tmpdir, tmpdir_factory
>       use 'pytest --fixtures [testpath]' for help on them.

c:\Users\mohdq\src\DataBricks-Sample1\tests\test_gold_pipeline.py:21
______________ ERROR at setup of TestDimSector.test_sector_union ______________
file c:\Users\mohdq\src\DataBricks-Sample1\tests\test_gold_pipeline.py, line 170
      def test_sector_union(self, gold_tables):
file c:\Users\mohdq\src\DataBricks-Sample1\tests\test_gold_pipeline.py, line 21
  @pytest.fixture
  def gold_tables(spark, register_all_bronze):
E       fixture 'spark' not found
>       available fixtures: cache, capfd, capfdbinary, caplog, capsys, capsysbinary, capteesys, doctest_namespace, gold_tables, monkeypatch, pytestconfig, record_property, record_testsuite_property, record_xml_attribute, recwarn, subtests, tmp_path, tmp_path_factory, tmpdir, tmpdir_factory
>       use 'pytest --fixtures [testpath]' for help on them.

c:\Users\mohdq\src\DataBricks-Sample1\tests\test_gold_pipeline.py:21
_____ ERROR at setup of TestFactPurchaseOrders.test_line_total_aggregated _____
file c:\Users\mohdq\src\DataBricks-Sample1\tests\test_gold_pipeline.py, line 180
      def test_line_total_aggregated(self, gold_tables):
file c:\Users\mohdq\src\DataBricks-Sample1\tests\test_gold_pipeline.py, line 21
  @pytest.fixture
  def gold_tables(spark, register_all_bronze):
E       fixture 'spark' not found
>       available fixtures: cache, capfd, capfdbinary, caplog, capsys, capsysbinary, capteesys, doctest_namespace, gold_tables, monkeypatch, pytestconfig, record_property, record_testsuite_property, record_xml_attribute, recwarn, subtests, tmp_path, tmp_path_factory, tmpdir, tmpdir_factory
>       use 'pytest --fixtures [testpath]' for help on them.

c:\Users\mohdq\src\DataBricks-Sample1\tests\test_gold_pipeline.py:21
___ ERROR at setup of TestFactPurchaseOrders.test_total_quantity_aggregated ___
file c:\Users\mohdq\src\DataBricks-Sample1\tests\test_gold_pipeline.py, line 186
      def test_total_quantity_aggregated(self, gold_tables):
file c:\Users\mohdq\src\DataBricks-Sample1\tests\test_gold_pipeline.py, line 21
  @pytest.fixture
  def gold_tables(spark, register_all_bronze):
E       fixture 'spark' not found
>       available fixtures: cache, capfd, capfdbinary, caplog, capsys, capsysbinary, capteesys, doctest_namespace, gold_tables, monkeypatch, pytestconfig, record_property, record_testsuite_property, record_xml_attribute, recwarn, subtests, tmp_path, tmp_path_factory, tmpdir, tmpdir_factory
>       use 'pytest --fixtures [testpath]' for help on them.

c:\Users\mohdq\src\DataBricks-Sample1\tests\test_gold_pipeline.py:21
________ ERROR at setup of TestFactInvoices.test_aging_bucket_current _________
file c:\Users\mohdq\src\DataBricks-Sample1\tests\test_gold_pipeline.py, line 195
      def test_aging_bucket_current(self, gold_tables):
file c:\Users\mohdq\src\DataBricks-Sample1\tests\test_gold_pipeline.py, line 21
  @pytest.fixture
  def gold_tables(spark, register_all_bronze):
E       fixture 'spark' not found
>       available fixtures: cache, capfd, capfdbinary, caplog, capsys, capsysbinary, capteesys, doctest_namespace, gold_tables, monkeypatch, pytestconfig, record_property, record_testsuite_property, record_xml_attribute, recwarn, subtests, tmp_path, tmp_path_factory, tmpdir, tmpdir_factory
>       use 'pytest --fixtures [testpath]' for help on them.

c:\Users\mohdq\src\DataBricks-Sample1\tests\test_gold_pipeline.py:21
________ ERROR at setup of TestFactInvoices.test_aging_bucket_overdue _________
file c:\Users\mohdq\src\DataBricks-Sample1\tests\test_gold_pipeline.py, line 201
      def test_aging_bucket_overdue(self, gold_tables):
file c:\Users\mohdq\src\DataBricks-Sample1\tests\test_gold_pipeline.py, line 21
  @pytest.fixture
  def gold_tables(spark, register_all_bronze):
E       fixture 'spark' not found
>       available fixtures: cache, capfd, capfdbinary, caplog, capsys, capsysbinary, capteesys, doctest_namespace, gold_tables, monkeypatch, pytestconfig, record_property, record_testsuite_property, record_xml_attribute, recwarn, subtests, tmp_path, tmp_path_factory, tmpdir, tmpdir_factory
>       use 'pytest --fixtures [testpath]' for help on them.

c:\Users\mohdq\src\DataBricks-Sample1\tests\test_gold_pipeline.py:21
____ ERROR at setup of TestFactGoodsReceipts.test_receipt_value_calculated ____
file c:\Users\mohdq\src\DataBricks-Sample1\tests\test_gold_pipeline.py, line 210
      def test_receipt_value_calculated(self, gold_tables):
file c:\Users\mohdq\src\DataBricks-Sample1\tests\test_gold_pipeline.py, line 21
  @pytest.fixture
  def gold_tables(spark, register_all_bronze):
E       fixture 'spark' not found
>       available fixtures: cache, capfd, capfdbinary, caplog, capsys, capsysbinary, capteesys, doctest_namespace, gold_tables, monkeypatch, pytestconfig, record_property, record_testsuite_property, record_xml_attribute, recwarn, subtests, tmp_path, tmp_path_factory, tmpdir, tmpdir_factory
>       use 'pytest --fixtures [testpath]' for help on them.

c:\Users\mohdq\src\DataBricks-Sample1\tests\test_gold_pipeline.py:21
____ ERROR at setup of TestFactGoodsReceipts.test_acceptance_rate_derived _____
file c:\Users\mohdq\src\DataBricks-Sample1\tests\test_gold_pipeline.py, line 214
      def test_acceptance_rate_derived(self, gold_tables):
file c:\Users\mohdq\src\DataBricks-Sample1\tests\test_gold_pipeline.py, line 21
  @pytest.fixture
  def gold_tables(spark, register_all_bronze):
E       fixture 'spark' not found
>       available fixtures: cache, capfd, capfdbinary, caplog, capsys, capsysbinary, capteesys, doctest_namespace, gold_tables, monkeypatch, pytestconfig, record_property, record_testsuite_property, record_xml_attribute, recwarn, subtests, tmp_path, tmp_path_factory, tmpdir, tmpdir_factory
>       use 'pytest --fixtures [testpath]' for help on them.

c:\Users\mohdq\src\DataBricks-Sample1\tests\test_gold_pipeline.py:21
________ ERROR at setup of TestFactProjectCosts.test_budget_vs_actual _________
file c:\Users\mohdq\src\DataBricks-Sample1\tests\test_gold_pipeline.py, line 221
      def test_budget_vs_actual(self, gold_tables):
file c:\Users\mohdq\src\DataBricks-Sample1\tests\test_gold_pipeline.py, line 21
  @pytest.fixture
  def gold_tables(spark, register_all_bronze):
E       fixture 'spark' not found
>       available fixtures: cache, capfd, capfdbinary, caplog, capsys, capsysbinary, capteesys, doctest_namespace, gold_tables, monkeypatch, pytestconfig, record_property, record_testsuite_property, record_xml_attribute, recwarn, subtests, tmp_path, tmp_path_factory, tmpdir, tmpdir_factory
>       use 'pytest --fixtures [testpath]' for help on them.

c:\Users\mohdq\src\DataBricks-Sample1\tests\test_gold_pipeline.py:21
____ ERROR at setup of TestFactProjectActuals.test_project_actuals_columns ____
file c:\Users\mohdq\src\DataBricks-Sample1\tests\test_gold_pipeline.py, line 231
      def test_project_actuals_columns(self, gold_tables):
file c:\Users\mohdq\src\DataBricks-Sample1\tests\test_gold_pipeline.py, line 21
  @pytest.fixture
  def gold_tables(spark, register_all_bronze):
E       fixture 'spark' not found
>       available fixtures: cache, capfd, capfdbinary, caplog, capsys, capsysbinary, capteesys, doctest_namespace, gold_tables, monkeypatch, pytestconfig, record_property, record_testsuite_property, record_xml_attribute, recwarn, subtests, tmp_path, tmp_path_factory, tmpdir, tmpdir_factory
>       use 'pytest --fixtures [testpath]' for help on them.

c:\Users\mohdq\src\DataBricks-Sample1\tests\test_gold_pipeline.py:21
_______ ERROR at setup of TestFactVendorPerformance.test_score_columns ________
file c:\Users\mohdq\src\DataBricks-Sample1\tests\test_gold_pipeline.py, line 240
      def test_score_columns(self, gold_tables):
file c:\Users\mohdq\src\DataBricks-Sample1\tests\test_gold_pipeline.py, line 21
  @pytest.fixture
  def gold_tables(spark, register_all_bronze):
E       fixture 'spark' not found
>       available fixtures: cache, capfd, capfdbinary, caplog, capsys, capsysbinary, capteesys, doctest_namespace, gold_tables, monkeypatch, pytestconfig, record_property, record_testsuite_property, record_xml_attribute, recwarn, subtests, tmp_path, tmp_path_factory, tmpdir, tmpdir_factory
>       use 'pytest --fixtures [testpath]' for help on them.

c:\Users\mohdq\src\DataBricks-Sample1\tests\test_gold_pipeline.py:21
_________ ERROR at setup of TestFactInventory.test_inventory_columns __________
file c:\Users\mohdq\src\DataBricks-Sample1\tests\test_gold_pipeline.py, line 248
      def test_inventory_columns(self, gold_tables):
file c:\Users\mohdq\src\DataBricks-Sample1\tests\test_gold_pipeline.py, line 21
  @pytest.fixture
  def gold_tables(spark, register_all_bronze):
E       fixture 'spark' not found
>       available fixtures: cache, capfd, capfdbinary, caplog, capsys, capsysbinary, capteesys, doctest_namespace, gold_tables, monkeypatch, pytestconfig, record_property, record_testsuite_property, record_xml_attribute, recwarn, subtests, tmp_path, tmp_path_factory, tmpdir, tmpdir_factory
>       use 'pytest --fixtures [testpath]' for help on them.

c:\Users\mohdq\src\DataBricks-Sample1\tests\test_gold_pipeline.py:21
_______ ERROR at setup of TestFactContracts.test_items_total_aggregated _______
file c:\Users\mohdq\src\DataBricks-Sample1\tests\test_gold_pipeline.py, line 256
      def test_items_total_aggregated(self, gold_tables):
file c:\Users\mohdq\src\DataBricks-Sample1\tests\test_gold_pipeline.py, line 21
  @pytest.fixture
  def gold_tables(spark, register_all_bronze):
E       fixture 'spark' not found
>       available fixtures: cache, capfd, capfdbinary, caplog, capsys, capsysbinary, capteesys, doctest_namespace, gold_tables, monkeypatch, pytestconfig, record_property, record_testsuite_property, record_xml_attribute, recwarn, subtests, tmp_path, tmp_path_factory, tmpdir, tmpdir_factory
>       use 'pytest --fixtures [testpath]' for help on them.

c:\Users\mohdq\src\DataBricks-Sample1\tests\test_gold_pipeline.py:21
_____________ ERROR at setup of TestFactContracts.test_item_count _____________
file c:\Users\mohdq\src\DataBricks-Sample1\tests\test_gold_pipeline.py, line 262
      def test_item_count(self, gold_tables):
file c:\Users\mohdq\src\DataBricks-Sample1\tests\test_gold_pipeline.py, line 21
  @pytest.fixture
  def gold_tables(spark, register_all_bronze):
E       fixture 'spark' not found
>       available fixtures: cache, capfd, capfdbinary, caplog, capsys, capsysbinary, capteesys, doctest_namespace, gold_tables, monkeypatch, pytestconfig, record_property, record_testsuite_property, record_xml_attribute, recwarn, subtests, tmp_path, tmp_path_factory, tmpdir, tmpdir_factory
>       use 'pytest --fixtures [testpath]' for help on them.

c:\Users\mohdq\src\DataBricks-Sample1\tests\test_gold_pipeline.py:21
__________ ERROR at setup of TestFactSales.test_customer_id_is_sha2 ___________
file c:\Users\mohdq\src\DataBricks-Sample1\tests\test_gold_pipeline.py, line 270
      def test_customer_id_is_sha2(self, gold_tables):
file c:\Users\mohdq\src\DataBricks-Sample1\tests\test_gold_pipeline.py, line 21
  @pytest.fixture
  def gold_tables(spark, register_all_bronze):
E       fixture 'spark' not found
>       available fixtures: cache, capfd, capfdbinary, caplog, capsys, capsysbinary, capteesys, doctest_namespace, gold_tables, monkeypatch, pytestconfig, record_property, record_testsuite_property, record_xml_attribute, recwarn, subtests, tmp_path, tmp_path_factory, tmpdir, tmpdir_factory
>       use 'pytest --fixtures [testpath]' for help on them.

c:\Users\mohdq\src\DataBricks-Sample1\tests\test_gold_pipeline.py:21
__________ ERROR at setup of TestFactSales.test_product_name_joined ___________
file c:\Users\mohdq\src\DataBricks-Sample1\tests\test_gold_pipeline.py, line 275
      def test_product_name_joined(self, gold_tables):
file c:\Users\mohdq\src\DataBricks-Sample1\tests\test_gold_pipeline.py, line 21
  @pytest.fixture
  def gold_tables(spark, register_all_bronze):
E       fixture 'spark' not found
>       available fixtures: cache, capfd, capfdbinary, caplog, capsys, capsysbinary, capteesys, doctest_namespace, gold_tables, monkeypatch, pytestconfig, record_property, record_testsuite_property, record_xml_attribute, recwarn, subtests, tmp_path, tmp_path_factory, tmpdir, tmpdir_factory
>       use 'pytest --fixtures [testpath]' for help on them.

c:\Users\mohdq\src\DataBricks-Sample1\tests\test_gold_pipeline.py:21
_ ERROR at setup of TestSilverGoldRuntimeHandover.test_all_gold_tables_materialise _
file c:\Users\mohdq\src\DataBricks-Sample1\tests\test_silver_gold_handover.py, line 191
      def test_all_gold_tables_materialise(self, gold_tables):
file c:\Users\mohdq\src\DataBricks-Sample1\tests\test_silver_gold_handover.py, line 172
  @pytest.fixture
  def gold_tables(spark, register_all_bronze):
E       fixture 'spark' not found
>       available fixtures: cache, capfd, capfdbinary, caplog, capsys, capsysbinary, capteesys, doctest_namespace, gold_tables, monkeypatch, pytestconfig, record_property, record_testsuite_property, record_xml_attribute, recwarn, subtests, tmp_path, tmp_path_factory, tmpdir, tmpdir_factory
>       use 'pytest --fixtures [testpath]' for help on them.

c:\Users\mohdq\src\DataBricks-Sample1\tests\test_silver_gold_handover.py:172
_ ERROR at setup of TestSilverGoldRuntimeHandover.test_gold_table_has_rows[dim_date] _
file c:\Users\mohdq\src\DataBricks-Sample1\tests\test_silver_gold_handover.py, line 196
      @pytest.mark.parametrize("table", EXPECTED_GOLD_DIMS + EXPECTED_GOLD_FACTS)
      def test_gold_table_has_rows(self, gold_tables, table):
file c:\Users\mohdq\src\DataBricks-Sample1\tests\test_silver_gold_handover.py, line 172
  @pytest.fixture
  def gold_tables(spark, register_all_bronze):
E       fixture 'spark' not found
>       available fixtures: cache, capfd, capfdbinary, caplog, capsys, capsysbinary, capteesys, doctest_namespace, gold_tables, monkeypatch, pytestconfig, record_property, record_testsuite_property, record_xml_attribute, recwarn, subtests, tmp_path, tmp_path_factory, tmpdir, tmpdir_factory
>       use 'pytest --fixtures [testpath]' for help on them.

c:\Users\mohdq\src\DataBricks-Sample1\tests\test_silver_gold_handover.py:172
_ ERROR at setup of TestSilverGoldRuntimeHandover.test_gold_table_has_rows[dim_vendor] _
file c:\Users\mohdq\src\DataBricks-Sample1\tests\test_silver_gold_handover.py, line 196
      @pytest.mark.parametrize("table", EXPECTED_GOLD_DIMS + EXPECTED_GOLD_FACTS)
      def test_gold_table_has_rows(self, gold_tables, table):
file c:\Users\mohdq\src\DataBricks-Sample1\tests\test_silver_gold_handover.py, line 172
  @pytest.fixture
  def gold_tables(spark, register_all_bronze):
E       fixture 'spark' not found
>       available fixtures: cache, capfd, capfdbinary, caplog, capsys, capsysbinary, capteesys, doctest_namespace, gold_tables, monkeypatch, pytestconfig, record_property, record_testsuite_property, record_xml_attribute, recwarn, subtests, tmp_path, tmp_path_factory, tmpdir, tmpdir_factory
>       use 'pytest --fixtures [testpath]' for help on them.

c:\Users\mohdq\src\DataBricks-Sample1\tests\test_silver_gold_handover.py:172
_ ERROR at setup of TestSilverGoldRuntimeHandover.test_gold_table_has_rows[dim_project] _
file c:\Users\mohdq\src\DataBricks-Sample1\tests\test_silver_gold_handover.py, line 196
      @pytest.mark.parametrize("table", EXPECTED_GOLD_DIMS + EXPECTED_GOLD_FACTS)
      def test_gold_table_has_rows(self, gold_tables, table):
file c:\Users\mohdq\src\DataBricks-Sample1\tests\test_silver_gold_handover.py, line 172
  @pytest.fixture
  def gold_tables(spark, register_all_bronze):
E       fixture 'spark' not found
>       available fixtures: cache, capfd, capfdbinary, caplog, capsys, capsysbinary, capteesys, doctest_namespace, gold_tables, monkeypatch, pytestconfig, record_property, record_testsuite_property, record_xml_attribute, recwarn, subtests, tmp_path, tmp_path_factory, tmpdir, tmpdir_factory
>       use 'pytest --fixtures [testpath]' for help on them.

c:\Users\mohdq\src\DataBricks-Sample1\tests\test_silver_gold_handover.py:172
_ ERROR at setup of TestSilverGoldRuntimeHandover.test_gold_table_has_rows[dim_material] _
file c:\Users\mohdq\src\DataBricks-Sample1\tests\test_silver_gold_handover.py, line 196
      @pytest.mark.parametrize("table", EXPECTED_GOLD_DIMS + EXPECTED_GOLD_FACTS)
      def test_gold_table_has_rows(self, gold_tables, table):
file c:\Users\mohdq\src\DataBricks-Sample1\tests\test_silver_gold_handover.py, line 172
  @pytest.fixture
  def gold_tables(spark, register_all_bronze):
E       fixture 'spark' not found
>       available fixtures: cache, capfd, capfdbinary, caplog, capsys, capsysbinary, capteesys, doctest_namespace, gold_tables, monkeypatch, pytestconfig, record_property, record_testsuite_property, record_xml_attribute, recwarn, subtests, tmp_path, tmp_path_factory, tmpdir, tmpdir_factory
>       use 'pytest --fixtures [testpath]' for help on them.

c:\Users\mohdq\src\DataBricks-Sample1\tests\test_silver_gold_handover.py:172
_ ERROR at setup of TestSilverGoldRuntimeHandover.test_gold_table_has_rows[dim_employee] _
file c:\Users\mohdq\src\DataBricks-Sample1\tests\test_silver_gold_handover.py, line 196
      @pytest.mark.parametrize("table", EXPECTED_GOLD_DIMS + EXPECTED_GOLD_FACTS)
      def test_gold_table_has_rows(self, gold_tables, table):
file c:\Users\mohdq\src\DataBricks-Sample1\tests\test_silver_gold_handover.py, line 172
  @pytest.fixture
  def gold_tables(spark, register_all_bronze):
[...]
=========================== short test summary info ===========================
ERROR tests/test_bronze_pipeline.py::TestBronzeFactory::test_factory_registers_table_via_dlt_mock
ERROR tests/test_bronze_pipeline.py::TestBronzeFactory::test_factory_creates_all_15_tables
ERROR tests/test_bronze_pipeline.py::TestBronzeFactory::test_bronze_table_has_metadata_columns
ERROR tests/test_bronze_pipeline.py::TestBronzeAudit::test_audit_records_table_counts
ERROR tests/test_bronze_pipeline.py::TestBronzeDataQuality::test_each_bronze_table_has_3_rows
ERROR tests/test_bronze_pipeline.py::TestBronzeDataQuality::test_bronze_tables_have_metadata
ERROR tests/test_bronze_pipeline.py::TestBronzeDataQuality::test_bronze_vendors_schema
ERROR tests/test_bronze_pipeline.py::TestBronzeDataQuality::test_bronze_has_null_pk_rows
ERROR tests/test_bronze_silver_handover.py::TestBronzeSilverRuntimeHandover::test_all_15_silver_tables_materialised
ERROR tests/test_bronze_silver_handover.py::TestBronzeSilverRuntimeHandover::test_each_silver_table_non_empty[vendors]
ERROR tests/test_bronze_silver_handover.py::TestBronzeSilverRuntimeHandover::test_each_silver_table_non_empty[projects]
ERROR tests/test_bronze_silver_handover.py::TestBronzeSilverRuntimeHandover::test_each_silver_table_non_empty[materials]
ERROR tests/test_bronze_silver_handover.py::TestBronzeSilverRuntimeHandover::test_each_silver_table_non_empty[employees]
ERROR tests/test_bronze_silver_handover.py::TestBronzeSilverRuntimeHandover::test_each_silver_table_non_empty[purchase_orders]
ERROR tests/test_bronze_silver_handover.py::TestBronzeSilverRuntimeHandover::test_each_silver_table_non_empty[po_line_items]
ERROR tests/test_bronze_silver_handover.py::TestBronzeSilverRuntimeHandover::test_each_silver_table_non_empty[contracts]
ERROR tests/test_bronze_silver_handover.py::TestBronzeSilverRuntimeHandover::test_each_silver_table_non_empty[contract_items]
ERROR tests/test_bronze_silver_handover.py::TestBronzeSilverRuntimeHandover::test_each_silver_table_non_empty[invoices]
ERROR tests/test_bronze_silver_handover.py::TestBronzeSilverRuntimeHandover::test_each_silver_table_non_empty[goods_receipts]
ERROR tests/test_bronze_silver_handover.py::TestBronzeSilverRuntimeHandover::test_each_silver_table_non_empty[project_budgets]
ERROR tests/test_bronze_silver_handover.py::TestBronzeSilverRuntimeHandover::test_each_silver_table_non_empty[project_actuals]
ERROR tests/test_bronze_silver_handover.py::TestBronzeSilverRuntimeHandover::test_each_silver_table_non_empty[sales_orders]
ERROR tests/test_bronze_silver_handover.py::TestBronzeSilverRuntimeHandover::test_each_silver_table_non_empty[inventory]
ERROR tests/test_bronze_silver_handover.py::TestBronzeSilverRuntimeHandover::test_each_silver_table_non_empty[vendor_performance]
ERROR tests/test_bronze_silver_handover.py::TestBronzeSilverRuntimeHandover::test_silver_columns_superset_of_bronze_columns
ERROR tests/test_bronze_silver_handover.py::TestBronzeSilverRuntimeHandover::test_silver_row_counts_bounded_by_bronze
ERROR tests/test_bronze_silver_handover.py::TestBronzeMissingFailsSilver::test_silver_raises_when_bronze_unregistered
ERROR tests/test_e2e_pipeline.py::TestSequentialDependency::test_silver_fails_without_bronze
ERROR tests/test_e2e_pipeline.py::TestSequentialDependency::test_gold_fails_without_silver
ERROR tests/test_e2e_pipeline.py::TestEndToEndDataPropagation::test_bronze_tables_present
ERROR tests/test_e2e_pipeline.py::TestEndToEndDataPropagation::test_silver_tables_present
ERROR tests/test_e2e_pipeline.py::TestEndToEndDataPropagation::test_gold_dimensions_present
ERROR tests/test_e2e_pipeline.py::TestEndToEndDataPropagation::test_gold_facts_present
ERROR tests/test_e2e_pipeline.py::TestEndToEndDataPropagation::test_total_table_count
ERROR tests/test_e2e_pipeline.py::TestVendorDataPropagation::test_vendor_in_bronze
ERROR tests/test_e2e_pipeline.py::TestVendorDataPropagation::test_vendor_in_silver
ERROR tests/test_e2e_pipeline.py::TestVendorDataPropagation::test_vendor_in_gold_dim
ERROR tests/test_e2e_pipeline.py::TestVendorDataPropagation::test_vendor_in_gold_fact_performance
ERROR tests/test_e2e_pipeline.py::TestVendorDataPropagation::test_null_vendor_dropped_in_silver
ERROR tests/test_e2e_pipeline.py::TestVendorDataPropagation::test_null_vendor_absent_in_gold
ERROR tests/test_e2e_pipeline.py::TestPurchaseOrderPropagation::test_po_in_bronze
ERROR tests/test_e2e_pipeline.py::TestPurchaseOrderPropagation::test_po_in_silver
ERROR tests/test_e2e_pipeline.py::TestPurchaseOrderPropagation::test_po_in_gold_fact
ERROR tests/test_e2e_pipeline.py::TestPurchaseOrderPropagation::test_po_line_items_aggregated_in_gold
ERROR tests/test_e2e_pipeline.py::TestContractPropagation::test_contract_in_bronze
ERROR tests/test_e2e_pipeline.py::TestContractPropagation::test_contract_in_silver
ERROR tests/test_e2e_pipeline.py::TestContractPropagation::test_contract_in_gold_dim
ERROR tests/test_e2e_pipeline.py::TestContractPropagation::test_contract_in_gold_fact
ERROR tests/test_e2e_pipeline.py::TestContractPropagation::test_contract_items_aggregated
ERROR tests/test_e2e_pipeline.py::TestDataQualityPropagation::test_null_pks_removed_at_silver
ERROR tests/test_e2e_pipeline.py::TestDataQualityPropagation::test_gold_row_counts_consistent
ERROR tests/test_e2e_pipeline.py::TestDataQualityPropagation::test_expectations_recorded
ERROR tests/test_e2e_pipeline.py::TestTransformPersistence::test_trimmed_names_in_gold
ERROR tests/test_e2e_pipeline.py::TestTransformPersistence::test_type_casting_persists
ERROR tests/test_e2e_pipeline.py::TestTransformPersistence::test_derived_columns_in_gold
ERROR tests/test_gold_pipeline.py::TestGoldPipelineExecution::test_gold_creates_9_dimensions
ERROR tests/test_gold_pipeline.py::TestGoldPipelineExecution::test_gold_creates_9_facts
ERROR tests/test_gold_pipeline.py::TestGoldPipelineExecution::test_all_18_gold_tables_not_empty
ERROR tests/test_gold_pipeline.py::TestDimDate::test_date_range_2020_to_2030
ERROR tests/test_gold_pipeline.py::TestDimDate::test_date_key_format
ERROR tests/test_gold_pipeline.py::TestDimDate::test_date_columns_present
ERROR tests/test_gold_pipeline.py::TestDimDate::test_total_rows_approximately_4018
ERROR tests/test_gold_pipeline.py::TestDimVendor::test_tier_derivation
ERROR tests/test_gold_pipeline.py::TestDimVendor::test_status_derivation
ERROR tests/test_gold_pipeline.py::TestDimVendor::test_gold_timestamp
ERROR tests/test_gold_pipeline.py::TestDimProject::test_region_derivation
ERROR tests/test_gold_pipeline.py::TestDimProject::test_project_duration_days
ERROR tests/test_gold_pipeline.py::TestDimMaterial::test_material_columns
ERROR tests/test_gold_pipeline.py::TestDimEmployee::test_employee_columns
ERROR tests/test_gold_pipeline.py::TestDimGeography::test_geography_key_is_sha2
ERROR tests/test_gold_pipeline.py::TestDimGeography::test_region_derivation
ERROR tests/test_gold_pipeline.py::TestDimContract::test_cost_growth_pct
ERROR tests/test_gold_pipeline.py::TestDimCostCenter::test_cost_center_distinct
ERROR tests/test_gold_pipeline.py::TestDimSector::test_sector_union
ERROR tests/test_gold_pipeline.py::TestFactPurchaseOrders::test_line_total_aggregated
ERROR tests/test_gold_pipeline.py::TestFactPurchaseOrders::test_total_quantity_aggregated
ERROR tests/test_gold_pipeline.py::TestFactInvoices::test_aging_bucket_current
ERROR tests/test_gold_pipeline.py::TestFactInvoices::test_aging_bucket_overdue
ERROR tests/test_gold_pipeline.py::TestFactGoodsReceipts::test_receipt_value_calculated
ERROR tests/test_gold_pipeline.py::TestFactGoodsReceipts::test_acceptance_rate_derived
ERROR tests/test_gold_pipeline.py::TestFactProjectCosts::test_budget_vs_actual
ERROR tests/test_gold_pipeline.py::TestFactProjectActuals::test_project_actuals_columns
ERROR tests/test_gold_pipeline.py::TestFactVendorPerformance::test_score_columns
ERROR tests/test_gold_pipeline.py::TestFactInventory::test_inventory_columns
ERROR tests/test_gold_pipeline.py::TestFactContracts::test_items_total_aggregated
ERROR tests/test_gold_pipeline.py::TestFactContracts::test_item_count
ERROR tests/test_gold_pipeline.py::TestFactSales::test_customer_id_is_sha2
ERROR tests/test_gold_pipeline.py::TestFactSales::test_product_name_joined
ERROR tests/test_silver_gold_handover.py::TestSilverGoldRuntimeHandover::test_all_gold_tables_materialise
ERROR tests/test_silver_gold_handover.py::TestSilverGoldRuntimeHandover::test_gold_table_has_rows[dim_date]
ERROR tests/test_silver_gold_handover.py::TestSilverGoldRuntimeHandover::test_gold_table_has_rows[dim_vendor]
ERROR tests/test_silver_gold_handover.py::TestSilverGoldRuntimeHandover::test_gold_table_has_rows[dim_project]
ERROR tests/test_silver_gold_handover.py::TestSilverGoldRuntimeHandover::test_gold_table_has_rows[dim_material]
ERROR tests/test_silver_gold_handover.py::TestSilverGoldRuntimeHandover::test_gold_table_has_rows[dim_employee]
ERROR tests/test_silver_gold_handover.py::TestSilverGoldRuntimeHandover::test_gold_table_has_rows[dim_geography]
ERROR tests/test_silver_gold_handover.py::TestSilverGoldRuntimeHandover::test_gold_table_has_rows[dim_contract]
ERROR tests/test_silver_gold_handover.py::TestSilverGoldRuntimeHandover::test_gold_table_has_rows[dim_cost_center]
ERROR tests/test_silver_gold_handover.py::TestSilverGoldRuntimeHandover::test_gold_table_has_rows[dim_sector]
ERROR tests/test_silver_gold_handover.py::TestSilverGoldRuntimeHandover::test_gold_table_has_rows[fact_purchase_orders]
ERROR tests/test_silver_gold_handover.py::TestSilverGoldRuntimeHandover::test_gold_table_has_rows[fact_invoices]
ERROR tests/test_silver_gold_handover.py::TestSilverGoldRuntimeHandover::test_gold_table_has_rows[fact_goods_receipts]
ERROR tests/test_silver_gold_handover.py::TestSilverGoldRuntimeHandover::test_gold_table_has_rows[fact_project_costs]
ERROR tests/test_silver_gold_handover.py::TestSilverGoldRuntimeHandover::test_gold_table_has_rows[fact_project_actuals]
ERROR tests/test_silver_gold_handover.py::TestSilverGoldRuntimeHandover::test_gold_table_has_rows[fact_vendor_performance]
ERROR tests/test_silver_gold_handover.py::TestSilverGoldRuntimeHandover::test_gold_table_has_rows[fact_inventory]
ERROR tests/test_silver_gold_handover.py::TestSilverGoldRuntimeHandover::test_gold_table_has_rows[fact_contracts]
ERROR tests/test_silver_gold_handover.py::TestSilverGoldRuntimeHandover::test_gold_table_has_rows[fact_sales]
ERROR tests/test_silver_gold_handover.py::TestSilverGoldRuntimeHandover::test_gold_table_has_gold_timestamp[dim_date]
ERROR tests/test_silver_gold_handover.py::TestSilverGoldRuntimeHandover::test_gold_table_has_gold_timestamp[dim_vendor]
ERROR tests/test_silver_gold_handover.py::TestSilverGoldRuntimeHandover::test_gold_table_has_gold_timestamp[dim_project]
ERROR tests/test_silver_gold_handover.py::TestSilverGoldRuntimeHandover::test_gold_table_has_gold_timestamp[dim_material]
ERROR tests/test_silver_gold_handover.py::TestSilverGoldRuntimeHandover::test_gold_table_has_gold_timestamp[dim_employee]
ERROR tests/test_silver_gold_handover.py::TestSilverGoldRuntimeHandover::test_gold_table_has_gold_timestamp[dim_geography]
ERROR tests/test_silver_gold_handover.py::TestSilverGoldRuntimeHandover::test_gold_table_has_gold_timestamp[dim_contract]
ERROR tests/test_silver_gold_handover.py::TestSilverGoldRuntimeHandover::test_gold_table_has_gold_timestamp[dim_cost_center]
ERROR tests/test_silver_gold_handover.py::TestSilverGoldRuntimeHandover::test_gold_table_has_gold_timestamp[dim_sector]
ERROR tests/test_silver_gold_handover.py::TestSilverGoldRuntimeHandover::test_gold_table_has_gold_timestamp[fact_purchase_orders]
ERROR tests/test_silver_gold_handover.py::TestSilverGoldRuntimeHandover::test_gold_table_has_gold_timestamp[fact_invoices]
ERROR tests/test_silver_gold_handover.py::TestSilverGoldRuntimeHandover::test_gold_table_has_gold_timestamp[fact_goods_receipts]
ERROR tests/test_silver_gold_handover.py::TestSilverGoldRuntimeHandover::test_gold_table_has_gold_timestamp[fact_project_costs]
ERROR tests/test_silver_gold_handover.py::TestSilverGoldRuntimeHandover::test_gold_table_has_gold_timestamp[fact_project_actuals]
ERROR tests/test_silver_gold_handover.py::TestSilverGoldRuntimeHandover::test_gold_table_has_gold_timestamp[fact_vendor_performance]
ERROR tests/test_silver_gold_handover.py::TestSilverGoldRuntimeHandover::test_gold_table_has_gold_timestamp[fact_inventory]
ERROR tests/test_silver_gold_handover.py::TestSilverGoldRuntimeHandover::test_gold_table_has_gold_timestamp[fact_contracts]
ERROR tests/test_silver_gold_handover.py::TestSilverGoldRuntimeHandover::test_gold_table_has_gold_timestamp[fact_sales]
ERROR tests/test_silver_gold_handover.py::TestSilverMissingFailsGold::test_gold_fails_when_silver_unregistered
ERROR tests/test_silver_pipeline.py::TestSilverPipelineExecution::test_silver_pipeline_creates_15_tables
ERROR tests/test_silver_pipeline.py::TestSilverPipelineExecution::test_silver_tables_not_empty
ERROR tests/test_silver_pipeline.py::TestSilverDataQuality::test_vendors_null_pk_dropped
ERROR tests/test_silver_pipeline.py::TestSilverDataQuality::test_projects_null_pk_dropped
ERROR tests/test_silver_pipeline.py::TestSilverDataQuality::test_materials_null_pk_dropped
ERROR tests/test_silver_pipeline.py::TestSilverDataQuality::test_employees_null_pk_dropped
ERROR tests/test_silver_pipeline.py::TestSilverDataQuality::test_purchase_orders_null_pk_dropped
ERROR tests/test_silver_pipeline.py::TestSilverDataQuality::test_po_line_items_null_pk_dropped
ERROR tests/test_silver_pipeline.py::TestSilverDataQuality::test_contracts_null_pk_dropped
ERROR tests/test_silver_pipeline.py::TestSilverDataQuality::test_contract_items_null_pk_dropped
ERROR tests/test_silver_pipeline.py::TestSilverDataQuality::test_invoices_null_pk_dropped
ERROR tests/test_silver_pipeline.py::TestSilverDataQuality::test_goods_receipts_null_pk_dropped
ERROR tests/test_silver_pipeline.py::TestSilverDataQuality::test_project_budgets_null_pk_dropped
ERROR tests/test_silver_pipeline.py::TestSilverDataQuality::test_project_actuals_null_pk_dropped
ERROR tests/test_silver_pipeline.py::TestSilverDataQuality::test_sales_orders_null_pk_dropped
ERROR tests/test_silver_pipeline.py::TestSilverDataQuality::test_inventory_null_pk_dropped
ERROR tests/test_silver_pipeline.py::TestSilverDataQuality::test_vendor_performance_null_pk_dropped
ERROR tests/test_silver_pipeline.py::TestSilverRowCounts::test_silver_table_has_2_rows[silver_vendors]
ERROR tests/test_silver_pipeline.py::TestSilverRowCounts::test_silver_table_has_2_rows[silver_projects]
ERROR tests/test_silver_pipeline.py::TestSilverRowCounts::test_silver_table_has_2_rows[silver_materials]
ERROR tests/test_silver_pipeline.py::TestSilverRowCounts::test_silver_table_has_2_rows[silver_employees]
ERROR tests/test_silver_pipeline.py::TestSilverRowCounts::test_silver_table_has_2_rows[silver_purchase_orders]
ERROR tests/test_silver_pipeline.py::TestSilverRowCounts::test_silver_table_has_2_rows[silver_po_line_items]
ERROR tests/test_silver_pipeline.py::TestSilverRowCounts::test_silver_table_has_2_rows[silver_contracts]
ERROR tests/test_silver_pipeline.py::TestSilverRowCounts::test_silver_table_has_2_rows[silver_contract_items]
ERROR tests/test_silver_pipeline.py::TestSilverRowCounts::test_silver_table_has_2_rows[silver_invoices]
ERROR tests/test_silver_pipeline.py::TestSilverRowCounts::test_silver_table_has_2_rows[silver_goods_receipts]
ERROR tests/test_silver_pipeline.py::TestSilverRowCounts::test_silver_table_has_2_rows[silver_project_budgets]
ERROR tests/test_silver_pipeline.py::TestSilverRowCounts::test_silver_table_has_2_rows[silver_project_actuals]
ERROR tests/test_silver_pipeline.py::TestSilverRowCounts::test_silver_table_has_2_rows[silver_sales_orders]
ERROR tests/test_silver_pipeline.py::TestSilverRowCounts::test_silver_table_has_2_rows[silver_inventory]
ERROR tests/test_silver_pipeline.py::TestSilverRowCounts::test_silver_table_has_2_rows[silver_vendor_performance]
ERROR tests/test_silver_pipeline.py::TestSilverVendorTransforms::test_vendor_name_trimmed
ERROR tests/test_silver_pipeline.py::TestSilverVendorTransforms::test_country_uppercased
ERROR tests/test_silver_pipeline.py::TestSilverVendorTransforms::test_performance_rating_is_double
ERROR tests/test_silver_pipeline.py::TestSilverVendorTransforms::test_payment_terms_is_integer
ERROR tests/test_silver_pipeline.py::TestSilverVendorTransforms::test_metadata_columns_dropped
ERROR tests/test_silver_pipeline.py::TestSilverVendorTransforms::test_silver_timestamp_added
ERROR tests/test_silver_pipeline.py::TestSilverProjectTransforms::test_project_name_trimmed
ERROR tests/test_silver_pipeline.py::TestSilverProjectTransforms::test_dates_cast_to_date_type
ERROR tests/test_silver_pipeline.py::TestSilverProjectTransforms::test_planned_duration_days_calculated
ERROR tests/test_silver_pipeline.py::TestSilverProjectTransforms::test_budget_variance_pct_calculated
ERROR tests/test_silver_pipeline.py::TestSilverMaterialTransforms::test_category_uppercased
ERROR tests/test_silver_pipeline.py::TestSilverMaterialTransforms::test_active_to_is_active_boolean
ERROR tests/test_silver_pipeline.py::TestSilverEmployeeTransforms::test_full_name_concatenated
ERROR tests/test_silver_pipeline.py::TestSilverEmployeeTransforms::test_full_name_trimmed_parts
ERROR tests/test_silver_pipeline.py::TestSilverEmployeeTransforms::test_department_uppercased
ERROR tests/test_silver_pipeline.py::TestSilverPurchaseOrderTransforms::test_po_status_uppercased
ERROR tests/test_silver_pipeline.py::TestSilverPurchaseOrderTransforms::test_dates_cast
ERROR tests/test_silver_pipeline.py::TestSilverPurchaseOrderTransforms::test_order_date_alias
ERROR tests/test_silver_pipeline.py::TestSilverPoLineItemTransforms::test_fulfillment_rate_calculated
ERROR tests/test_silver_pipeline.py::TestSilverPoLineItemTransforms::test_acceptance_rate_calculated
ERROR tests/test_silver_pipeline.py::TestSilverContractTransforms::test_contract_duration_days
ERROR tests/test_silver_pipeline.py::TestSilverContractTransforms::test_status_uppercased
ERROR tests/test_silver_pipeline.py::TestSilverContractTransforms::test_type_uppercased
ERROR tests/test_silver_pipeline.py::TestSilverContractItemTransforms::test_quantity_cast_to_double
ERROR tests/test_silver_pipeline.py::TestSilverInvoiceTransforms::test_days_to_pay_calculated
ERROR tests/test_silver_pipeline.py::TestSilverInvoiceTransforms::test_days_overdue_for_unpaid
ERROR tests/test_silver_pipeline.py::TestSilverGoodsReceiptTransforms::test_qty_delivered_renamed_to_qty_received
ERROR tests/test_silver_pipeline.py::TestSilverGoodsReceiptTransforms::test_rejection_rate_calculated
ERROR tests/test_silver_pipeline.py::TestSilverProjectBudgetTransforms::test_column_renames
ERROR tests/test_silver_pipeline.py::TestSilverProjectBudgetTransforms::test_remaining_amount_calculated
ERROR tests/test_silver_pipeline.py::TestSilverProjectBudgetTransforms::test_utilization_pct_calculated
ERROR tests/test_silver_pipeline.py::TestSilverProjectActualTransforms::test_cost_category_derived
ERROR tests/test_silver_pipeline.py::TestSilverProjectActualTransforms::test_trimmed_cost_type
ERROR tests/test_silver_pipeline.py::TestSilverSalesOrderTransforms::test_order_value_from_revenue
ERROR tests/test_silver_pipeline.py::TestSilverSalesOrderTransforms::test_total_value_from_total_amount
ERROR tests/test_silver_pipeline.py::TestSilverSalesOrderTransforms::test_customer_name_trimmed
ERROR tests/test_silver_pipeline.py::TestSilverInventoryTransforms::test_total_cost_from_total_value
ERROR tests/test_silver_pipeline.py::TestSilverInventoryTransforms::test_movement_type_uppercased
ERROR tests/test_silver_pipeline.py::TestSilverVendorPerformanceTransforms::test_overall_score_from_composite
ERROR tests/test_silver_pipeline.py::TestSilverVendorPerformanceTransforms::test_overall_score_value
================= 272 passed, 1 skipped, 198 errors in 5.78s ==================
